vars sample time
2 200 0.0275352001190186 
4 200 0.232177019119263 
8 200 0.602004051208496 
16 200 1.26612305641174 
32 200 2.59035205841064 
64 200 3.89202809333801 
2 400 0.0594708919525146 
4 400 0.325562000274658 
8 400 0.358994007110596 
16 400 1.11779880523682 
32 400 3.1665370464325 
64 400 5.13063812255859 
2 800 0.292521953582764 
4 800 0.415856838226318 
8 800 0.591359853744507 
16 800 1.99669098854065 
32 800 4.75662708282471 
64 800 9.68492698669434 
2 1600 0.330962896347046 
4 1600 1.11554598808289 
8 1600 1.71447110176086 
16 1600 3.04590797424316 
32 1600 6.34042310714722 
64 1600 13.2478241920471 
2 3200 0.841032981872559 
4 3200 1.6388840675354 
8 3200 4.20046710968018 
16 3200 5.61291694641113 
32 3200 14.5368480682373 
64 3200 28.0535309314728 
2 6400 5.60379409790039 
4 6400 4.98814082145691 
8 6400 3.8126528263092 
16 6400 10.2403709888458 
32 6400 16.5660541057587 
64 6400 58.0193710327148 
2 12800 24.3389191627502 
4 12800 9.91552805900574 
8 12800 22.3632531166077 
16 12800 38.3776350021362 
32 12800 94.0455801486969 
64 12800 64.6117000579834 
2 25600 33.708044052124 
4 25600 41.3316829204559 
8 25600 152.349020957947 
16 25600 158.49473285675 
32 25600 58.9460291862488 
64 25600 159.506371021271 
2 200 0.0329298973083496 
4 200 0.0929949283599854 
8 200 0.214432954788208 
16 200 0.844305038452148 
32 200 2.36281991004944 
64 200 3.73555588722229 
2 400 0.279839038848877 
4 400 0.141947984695435 
8 400 0.3312828540802 
16 400 1.20168089866638 
32 400 2.83614897727966 
64 400 6.70118808746338 
2 800 0.0456678867340088 
4 800 0.610748052597046 
8 800 0.906907081604004 
16 800 1.97067189216614 
32 800 4.33517384529114 
64 800 8.81327605247498 
2 1600 0.48021411895752 
4 1600 1.51218795776367 
8 1600 1.54932904243469 
16 1600 3.2171618938446 
32 1600 7.44046878814697 
64 1600 15.0866918563843 
2 3200 0.51525092124939 
4 3200 2.93480801582336 
8 3200 3.79561996459961 
16 3200 4.09910297393799 
32 3200 9.32210397720337 
64 3200 22.1202878952026 
2 6400 3.82318902015686 
4 6400 27.022216796875 
8 6400 11.7637259960175 
16 6400 15.5447721481323 
32 6400 20.5313930511475 
64 6400 51.9624829292297 
2 12800 4.18284201622009 
4 12800 14.4604089260101 
8 12800 22.2882759571075 
16 12800 45.2001662254333 
32 12800 45.0232119560242 
64 12800 68.9233450889587 
2 25600 17.2678120136261 
4 25600 59.7674169540405 
8 25600 66.0137758255005 
16 25600 33.4113059043884 
32 25600 95.7677760124207 
64 25600 193.76855802536 
2 200 0.0628600120544434 
4 200 0.0543830394744873 
8 200 0.200711965560913 
16 200 0.707428932189941 
32 200 2.26509189605713 
64 200 3.60064601898193 
2 400 0.10875391960144 
4 400 0.109566926956177 
8 400 0.371385097503662 
16 400 1.30648803710938 
32 400 2.82537889480591 
64 400 5.5258891582489 
2 800 0.112009048461914 
4 800 0.329903125762939 
8 800 1.04946804046631 
16 800 1.8994460105896 
32 800 3.60950088500977 
64 800 8.0186140537262 
2 1600 0.490365982055664 
4 1600 2.26139402389526 
8 1600 1.41457295417786 
16 1600 2.98294901847839 
32 1600 6.98473811149597 
64 1600 15.8267319202423 
2 3200 1.32626891136169 
4 3200 2.04295516014099 
8 3200 4.3174409866333 
16 3200 6.34831285476685 
32 3200 14.147360086441 
64 3200 21.4712500572205 
2 6400 2.31089615821838 
4 6400 5.7373960018158 
8 6400 9.42899203300476 
16 6400 14.6394422054291 
32 6400 19.4355909824371 
64 6400 44.249566078186 
2 12800 6.92084693908691 
4 12800 32.2441790103912 
8 12800 12.9878060817719 
16 12800 35.0613989830017 
32 12800 37.1662309169769 
64 12800 115.505264997482 
2 25600 31.3289778232574 
4 25600 19.2000288963318 
8 25600 55.0682590007782 
16 25600 97.0970468521118 
32 25600 83.7235260009766 
64 25600 125.417273044586 
2 200 0.0407340526580811 
4 200 0.0484490394592285 
8 200 0.187459945678711 
16 200 0.76554799079895 
32 200 2.00468397140503 
64 200 3.66065788269043 
2 400 0.105317831039429 
4 400 0.0672390460968018 
8 400 0.566414833068848 
16 400 1.02031898498535 
32 400 2.83007287979126 
64 400 5.82858395576477 
2 800 0.282586812973022 
4 800 0.37213397026062 
8 800 0.637693166732788 
16 800 1.92015099525452 
32 800 3.89905405044556 
64 800 6.93139600753784 
2 1600 0.434257984161377 
4 1600 0.928168058395386 
8 1600 1.77118611335754 
16 1600 3.34633684158325 
32 1600 7.46180701255798 
64 1600 11.4326429367065 
2 3200 1.56782102584839 
4 3200 1.71245718002319 
8 3200 3.8597309589386 
16 3200 8.06802010536194 
32 3200 12.1156470775604 
64 3200 31.6106929779053 
2 6400 6.89297795295715 
4 6400 4.90125298500061 
8 6400 9.37904405593872 
16 6400 11.3390250205994 
32 6400 12.8085007667542 
64 6400 42.0098910331726 
2 12800 1.74235081672668 
4 12800 18.6652820110321 
8 12800 14.367583990097 
16 12800 16.2287549972534 
32 12800 41.2592840194702 
64 12800 61.3113360404968 
2 25600 27.7432918548584 
4 25600 60.2352049350739 
8 25600 121.154051065445 
16 25600 40.1252977848053 
32 25600 63.5930359363556 
64 25600 119.45524096489 
2 200 0.085676908493042 
4 200 0.0998208522796631 
8 200 0.267745971679688 
16 200 0.794099092483521 
32 200 2.44171500205994 
64 200 4.20183420181274 
2 400 0.097916841506958 
4 400 0.255157947540283 
8 400 0.308883905410767 
16 400 1.0802891254425 
32 400 2.66999697685242 
64 400 5.93908882141113 
2 800 0.21461296081543 
4 800 0.41156792640686 
8 800 0.781820058822632 
16 800 2.00533580780029 
32 800 4.01534795761108 
64 800 6.8941011428833 
2 1600 0.619871854782104 
4 1600 0.392407894134521 
8 1600 1.57174491882324 
16 1600 3.22552084922791 
32 1600 5.84437203407288 
64 1600 16.3140389919281 
2 3200 0.982688903808594 
4 3200 1.9846408367157 
8 3200 3.90398693084717 
16 3200 6.05135798454285 
32 3200 13.6505169868469 
64 3200 24.0133430957794 
2 6400 2.57479691505432 
4 6400 4.9037299156189 
8 6400 10.9872050285339 
16 6400 13.0201020240784 
32 6400 21.0878720283508 
64 6400 45.3816471099854 
2 12800 6.61097288131714 
4 12800 24.9761481285095 
8 12800 15.7921299934387 
16 12800 30.5894758701324 
32 12800 70.2645199298859 
64 12800 102.015868902206 
2 25600 52.6288659572601 
4 25600 75.7739942073822 
8 25600 61.9085900783539 
16 25600 89.4230129718781 
32 25600 85.6875190734863 
64 25600 144.147931098938 
2 200 0.0371918678283691 
4 200 0.0675508975982666 
8 200 0.226587057113647 
16 200 0.759331941604614 
32 200 2.03135704994202 
64 200 3.50649881362915 
2 400 0.0369551181793213 
4 400 0.282032012939453 
8 400 0.280612945556641 
16 400 1.08373188972473 
32 400 3.10333895683289 
64 400 6.00015592575073 
2 800 0.110210180282593 
4 800 0.154236078262329 
8 800 0.641812801361084 
16 800 1.72740888595581 
32 800 4.5293550491333 
64 800 10.4300410747528 
2 1600 0.9355628490448 
4 1600 1.06386780738831 
8 1600 2.76792502403259 
16 1600 3.4509220123291 
32 1600 14.4620590209961 
64 1600 16.6367239952087 
2 3200 0.848059892654419 
4 3200 2.74185395240784 
8 3200 7.80994486808777 
16 3200 5.68084406852722 
32 3200 12.8896219730377 
64 3200 30.1974289417267 
2 6400 3.34691905975342 
4 6400 5.41832089424133 
8 6400 5.09236001968384 
16 6400 9.02476596832275 
32 6400 28.3099100589752 
64 6400 48.7372670173645 
2 12800 8.41803288459778 
4 12800 8.97300601005554 
8 12800 13.1375379562378 
16 12800 42.107565164566 
32 12800 44.8403518199921 
64 12800 100.748667955399 
2 25600 14.5884020328522 
4 25600 8.00221395492554 
8 25600 16.8527328968048 
16 25600 101.479069948196 
32 25600 80.0427091121674 
64 25600 158.160117149353 
2 200 0.124063014984131 
4 200 0.130860090255737 
8 200 0.304682970046997 
16 200 0.806162118911743 
32 200 1.93161702156067 
64 200 3.82608699798584 
2 400 0.0579829216003418 
4 400 0.254112958908081 
8 400 0.521699190139771 
16 400 0.984889030456543 
32 400 2.23210191726685 
64 400 7.2058629989624 
2 800 0.327623844146729 
4 800 0.235697984695435 
8 800 0.694211959838867 
16 800 2.14312481880188 
32 800 4.82113599777222 
64 800 9.81807708740234 
2 1600 0.574533939361572 
4 1600 0.54906702041626 
8 1600 1.44913196563721 
16 1600 3.44991612434387 
32 1600 7.23728585243225 
64 1600 13.8598699569702 
2 3200 0.272969007492065 
4 3200 1.3729419708252 
8 3200 3.17416310310364 
16 3200 6.49065184593201 
32 3200 12.7564480304718 
64 3200 23.4372811317444 
2 6400 5.12011003494263 
4 6400 2.97388696670532 
8 6400 6.38994812965393 
16 6400 13.2087540626526 
32 6400 27.3955409526825 
64 6400 42.405473947525 
2 12800 5.37699794769287 
4 12800 9.21465516090393 
8 12800 11.7257850170135 
16 12800 41.8018789291382 
32 12800 51.2537920475006 
64 12800 111.986340045929 
2 25600 16.7731690406799 
4 25600 63.8470859527588 
8 25600 90.6603128910065 
16 25600 65.7100348472595 
32 25600 77.4123549461365 
64 25600 147.936630964279 
2 200 0.165701866149902 
4 200 0.078516960144043 
8 200 0.36200213432312 
16 200 0.553608894348145 
32 200 2.10242819786072 
64 200 3.68904995918274 
2 400 0.0515429973602295 
4 400 0.199108123779297 
8 400 0.389720916748047 
16 400 1.10995697975159 
32 400 3.71696805953979 
64 400 5.56220602989197 
2 800 0.638853073120117 
4 800 0.276135921478271 
8 800 0.784752130508423 
16 800 1.49415016174316 
32 800 3.75880098342896 
64 800 11.1013219356537 
2 1600 1.2405219078064 
4 1600 2.47086095809937 
8 1600 1.63720798492432 
16 1600 2.8465940952301 
32 1600 7.29221105575562 
64 1600 20.4602289199829 
2 3200 2.54132509231567 
4 3200 1.23025584220886 
8 3200 6.24173593521118 
16 3200 5.99009704589844 
32 3200 14.2849740982056 
64 3200 19.2590699195862 
2 6400 1.7293860912323 
4 6400 6.64919495582581 
8 6400 10.3356640338898 
16 6400 21.5589051246643 
32 6400 16.4047141075134 
64 6400 49.5479171276093 
2 12800 19.5947229862213 
4 12800 7.61730909347534 
8 12800 18.1678538322449 
16 12800 37.3347039222717 
32 12800 74.8237059116364 
64 12800 69.5521960258484 
2 25600 58.3907899856567 
4 25600 99.3276300430298 
8 25600 89.5536370277405 
16 25600 64.3301620483398 
32 25600 102.838981866837 
64 25600 89.1938269138336 
2 200 0.205500841140747 
4 200 0.148311853408813 
8 200 0.370430946350098 
16 200 0.912487983703613 
32 200 1.81527495384216 
64 200 3.91908288002014 
2 400 0.0402469635009766 
4 400 0.157115936279297 
8 400 0.326606035232544 
16 400 0.967927932739258 
32 400 2.91618299484253 
64 400 6.33980894088745 
2 800 0.15722393989563 
4 800 0.244829893112183 
8 800 0.896474123001099 
16 800 2.05266714096069 
32 800 4.52052307128906 
64 800 9.71786308288574 
2 1600 0.438026905059814 
4 1600 0.415579795837402 
8 1600 1.75929307937622 
16 1600 5.64515495300293 
32 1600 6.35920596122742 
64 1600 17.9798879623413 
2 3200 2.4772469997406 
4 3200 2.62748599052429 
8 3200 6.22468709945679 
16 3200 5.45540308952332 
32 3200 15.5525918006897 
64 3200 28.0036060810089 
2 6400 9.2041449546814 
4 6400 9.82472109794617 
8 6400 15.7234330177307 
16 6400 16.6772320270538 
32 6400 28.9763031005859 
64 6400 27.7673060894012 
2 12800 13.0503590106964 
4 12800 3.11793303489685 
8 12800 25.152664899826 
16 12800 31.6169028282166 
32 12800 44.5192608833313 
64 12800 51.8791260719299 
2 25600 3.19619297981262 
4 25600 29.6937441825867 
8 25600 62.859423160553 
16 25600 100.770296096802 
32 25600 60.7626769542694 
64 25600 158.86581492424 
2 200 0.126494169235229 
4 200 0.0636031627655029 
8 200 0.25534987449646 
16 200 0.796392917633057 
32 200 2.10686707496643 
64 200 4.479327917099 
2 400 0.0580101013183594 
4 400 0.184439897537231 
8 400 0.464586019515991 
16 400 1.06182408332825 
32 400 3.40251302719116 
64 400 4.31915998458862 
2 800 0.128081083297729 
4 800 0.123000144958496 
8 800 0.791838884353638 
16 800 1.4887809753418 
32 800 4.71653318405151 
64 800 7.97965312004089 
2 1600 0.266062021255493 
4 1600 1.09050798416138 
8 1600 1.52634286880493 
16 1600 3.63000297546387 
32 1600 8.47514319419861 
64 1600 11.8988909721375 
2 3200 1.01555204391479 
4 3200 1.89929604530334 
8 3200 4.40017700195312 
16 3200 4.87889790534973 
32 3200 14.3880679607391 
64 3200 28.6929888725281 
2 6400 3.07169914245605 
4 6400 9.11772608757019 
8 6400 7.02254509925842 
16 6400 13.8204319477081 
32 6400 16.8117029666901 
64 6400 34.9451570510864 
2 12800 6.33919596672058 
4 12800 20.6139140129089 
8 12800 19.9713649749756 
16 12800 56.1032609939575 
32 12800 61.2934291362762 
64 12800 49.8384001255035 
2 25600 11.5491349697113 
4 25600 117.249466896057 
8 25600 21.1008841991425 
16 25600 44.8490841388702 
32 25600 99.5525879859924 
64 25600 179.647310972214 
