method vars sample time
MCMC 2 200 0.02753520012
MCMC 4 200 0.2321770191
MCMC 8 200 0.6020040512
MCMC 16 200 1.266123056
MCMC 32 200 2.590352058
MCMC 64 200 3.892028093
MCMC 2 400 0.05947089195
MCMC 4 400 0.3255620003
MCMC 8 400 0.3589940071
MCMC 16 400 1.117798805
MCMC 32 400 3.166537046
MCMC 64 400 5.130638123
MCMC 2 800 0.2925219536
MCMC 4 800 0.4158568382
MCMC 8 800 0.5913598537
MCMC 16 800 1.996690989
MCMC 32 800 4.756627083
MCMC 64 800 9.684926987
MCMC 2 1600 0.3309628963
MCMC 4 1600 1.115545988
MCMC 8 1600 1.714471102
MCMC 16 1600 3.045907974
MCMC 32 1600 6.340423107
MCMC 64 1600 13.24782419
MCMC 2 3200 0.8410329819
MCMC 4 3200 1.638884068
MCMC 8 3200 4.20046711
MCMC 16 3200 5.612916946
MCMC 32 3200 14.53684807
MCMC 64 3200 28.05353093
MCMC 2 6400 5.603794098
MCMC 4 6400 4.988140821
MCMC 8 6400 3.812652826
MCMC 16 6400 10.24037099
MCMC 32 6400 16.56605411
MCMC 64 6400 58.01937103
MCMC 2 12800 24.33891916
MCMC 4 12800 9.915528059
MCMC 8 12800 22.36325312
MCMC 16 12800 38.377635
MCMC 32 12800 94.04558015
MCMC 64 12800 64.61170006
MCMC 2 25600 33.70804405
MCMC 4 25600 41.33168292
MCMC 8 25600 152.349021
MCMC 16 25600 158.4947329
MCMC 32 25600 58.94602919
MCMC 64 25600 159.506371
MCMC 2 200 0.03292989731
MCMC 4 200 0.09299492836
MCMC 8 200 0.2144329548
MCMC 16 200 0.8443050385
MCMC 32 200 2.36281991
MCMC 64 200 3.735555887
MCMC 2 400 0.2798390388
MCMC 4 400 0.1419479847
MCMC 8 400 0.3312828541
MCMC 16 400 1.201680899
MCMC 32 400 2.836148977
MCMC 64 400 6.701188087
MCMC 2 800 0.04566788673
MCMC 4 800 0.6107480526
MCMC 8 800 0.9069070816
MCMC 16 800 1.970671892
MCMC 32 800 4.335173845
MCMC 64 800 8.813276052
MCMC 2 1600 0.480214119
MCMC 4 1600 1.512187958
MCMC 8 1600 1.549329042
MCMC 16 1600 3.217161894
MCMC 32 1600 7.440468788
MCMC 64 1600 15.08669186
MCMC 2 3200 0.5152509212
MCMC 4 3200 2.934808016
MCMC 8 3200 3.795619965
MCMC 16 3200 4.099102974
MCMC 32 3200 9.322103977
MCMC 64 3200 22.1202879
MCMC 2 6400 3.82318902
MCMC 4 6400 27.0222168
MCMC 8 6400 11.763726
MCMC 16 6400 15.54477215
MCMC 32 6400 20.53139305
MCMC 64 6400 51.96248293
MCMC 2 12800 4.182842016
MCMC 4 12800 14.46040893
MCMC 8 12800 22.28827596
MCMC 16 12800 45.20016623
MCMC 32 12800 45.02321196
MCMC 64 12800 68.92334509
MCMC 2 25600 17.26781201
MCMC 4 25600 59.76741695
MCMC 8 25600 66.01377583
MCMC 16 25600 33.4113059
MCMC 32 25600 95.76777601
MCMC 64 25600 193.768558
MCMC 2 200 0.06286001205
MCMC 4 200 0.05438303947
MCMC 8 200 0.2007119656
MCMC 16 200 0.7074289322
MCMC 32 200 2.265091896
MCMC 64 200 3.600646019
MCMC 2 400 0.1087539196
MCMC 4 400 0.109566927
MCMC 8 400 0.3713850975
MCMC 16 400 1.306488037
MCMC 32 400 2.825378895
MCMC 64 400 5.525889158
MCMC 2 800 0.1120090485
MCMC 4 800 0.3299031258
MCMC 8 800 1.04946804
MCMC 16 800 1.899446011
MCMC 32 800 3.609500885
MCMC 64 800 8.018614054
MCMC 2 1600 0.4903659821
MCMC 4 1600 2.261394024
MCMC 8 1600 1.414572954
MCMC 16 1600 2.982949018
MCMC 32 1600 6.984738111
MCMC 64 1600 15.82673192
MCMC 2 3200 1.326268911
MCMC 4 3200 2.04295516
MCMC 8 3200 4.317440987
MCMC 16 3200 6.348312855
MCMC 32 3200 14.14736009
MCMC 64 3200 21.47125006
MCMC 2 6400 2.310896158
MCMC 4 6400 5.737396002
MCMC 8 6400 9.428992033
MCMC 16 6400 14.63944221
MCMC 32 6400 19.43559098
MCMC 64 6400 44.24956608
MCMC 2 12800 6.920846939
MCMC 4 12800 32.24417901
MCMC 8 12800 12.98780608
MCMC 16 12800 35.06139898
MCMC 32 12800 37.16623092
MCMC 64 12800 115.505265
MCMC 2 25600 31.32897782
MCMC 4 25600 19.2000289
MCMC 8 25600 55.068259
MCMC 16 25600 97.09704685
MCMC 32 25600 83.723526
MCMC 64 25600 125.417273
MCMC 2 200 0.04073405266
MCMC 4 200 0.04844903946
MCMC 8 200 0.1874599457
MCMC 16 200 0.7655479908
MCMC 32 200 2.004683971
MCMC 64 200 3.660657883
MCMC 2 400 0.105317831
MCMC 4 400 0.0672390461
MCMC 8 400 0.5664148331
MCMC 16 400 1.020318985
MCMC 32 400 2.83007288
MCMC 64 400 5.828583956
MCMC 2 800 0.282586813
MCMC 4 800 0.3721339703
MCMC 8 800 0.6376931667
MCMC 16 800 1.920150995
MCMC 32 800 3.89905405
MCMC 64 800 6.931396008
MCMC 2 1600 0.4342579842
MCMC 4 1600 0.9281680584
MCMC 8 1600 1.771186113
MCMC 16 1600 3.346336842
MCMC 32 1600 7.461807013
MCMC 64 1600 11.43264294
MCMC 2 3200 1.567821026
MCMC 4 3200 1.71245718
MCMC 8 3200 3.859730959
MCMC 16 3200 8.068020105
MCMC 32 3200 12.11564708
MCMC 64 3200 31.61069298
MCMC 2 6400 6.892977953
MCMC 4 6400 4.901252985
MCMC 8 6400 9.379044056
MCMC 16 6400 11.33902502
MCMC 32 6400 12.80850077
MCMC 64 6400 42.00989103
MCMC 2 12800 1.742350817
MCMC 4 12800 18.66528201
MCMC 8 12800 14.36758399
MCMC 16 12800 16.228755
MCMC 32 12800 41.25928402
MCMC 64 12800 61.31133604
MCMC 2 25600 27.74329185
MCMC 4 25600 60.23520494
MCMC 8 25600 121.1540511
MCMC 16 25600 40.12529778
MCMC 32 25600 63.59303594
MCMC 64 25600 119.455241
MCMC 2 200 0.08567690849
MCMC 4 200 0.09982085228
MCMC 8 200 0.2677459717
MCMC 16 200 0.7940990925
MCMC 32 200 2.441715002
MCMC 64 200 4.201834202
MCMC 2 400 0.09791684151
MCMC 4 400 0.2551579475
MCMC 8 400 0.3088839054
MCMC 16 400 1.080289125
MCMC 32 400 2.669996977
MCMC 64 400 5.939088821
MCMC 2 800 0.2146129608
MCMC 4 800 0.4115679264
MCMC 8 800 0.7818200588
MCMC 16 800 2.005335808
MCMC 32 800 4.015347958
MCMC 64 800 6.894101143
MCMC 2 1600 0.6198718548
MCMC 4 1600 0.3924078941
MCMC 8 1600 1.571744919
MCMC 16 1600 3.225520849
MCMC 32 1600 5.844372034
MCMC 64 1600 16.31403899
MCMC 2 3200 0.9826889038
MCMC 4 3200 1.984640837
MCMC 8 3200 3.903986931
MCMC 16 3200 6.051357985
MCMC 32 3200 13.65051699
MCMC 64 3200 24.0133431
MCMC 2 6400 2.574796915
MCMC 4 6400 4.903729916
MCMC 8 6400 10.98720503
MCMC 16 6400 13.02010202
MCMC 32 6400 21.08787203
MCMC 64 6400 45.38164711
MCMC 2 12800 6.610972881
MCMC 4 12800 24.97614813
MCMC 8 12800 15.79212999
MCMC 16 12800 30.58947587
MCMC 32 12800 70.26451993
MCMC 64 12800 102.0158689
MCMC 2 25600 52.62886596
MCMC 4 25600 75.77399421
MCMC 8 25600 61.90859008
MCMC 16 25600 89.42301297
MCMC 32 25600 85.68751907
MCMC 64 25600 144.1479311
MCMC 2 200 0.03719186783
MCMC 4 200 0.0675508976
MCMC 8 200 0.2265870571
MCMC 16 200 0.7593319416
MCMC 32 200 2.03135705
MCMC 64 200 3.506498814
MCMC 2 400 0.03695511818
MCMC 4 400 0.2820320129
MCMC 8 400 0.2806129456
MCMC 16 400 1.08373189
MCMC 32 400 3.103338957
MCMC 64 400 6.000155926
MCMC 2 800 0.1102101803
MCMC 4 800 0.1542360783
MCMC 8 800 0.6418128014
MCMC 16 800 1.727408886
MCMC 32 800 4.529355049
MCMC 64 800 10.43004107
MCMC 2 1600 0.935562849
MCMC 4 1600 1.063867807
MCMC 8 1600 2.767925024
MCMC 16 1600 3.450922012
MCMC 32 1600 14.46205902
MCMC 64 1600 16.636724
MCMC 2 3200 0.8480598927
MCMC 4 3200 2.741853952
MCMC 8 3200 7.809944868
MCMC 16 3200 5.680844069
MCMC 32 3200 12.88962197
MCMC 64 3200 30.19742894
MCMC 2 6400 3.34691906
MCMC 4 6400 5.418320894
MCMC 8 6400 5.09236002
MCMC 16 6400 9.024765968
MCMC 32 6400 28.30991006
MCMC 64 6400 48.73726702
MCMC 2 12800 8.418032885
MCMC 4 12800 8.97300601
MCMC 8 12800 13.13753796
MCMC 16 12800 42.10756516
MCMC 32 12800 44.84035182
MCMC 64 12800 100.748668
MCMC 2 25600 14.58840203
MCMC 4 25600 8.002213955
MCMC 8 25600 16.8527329
MCMC 16 25600 101.4790699
MCMC 32 25600 80.04270911
MCMC 64 25600 158.1601171
MCMC 2 200 0.124063015
MCMC 4 200 0.1308600903
MCMC 8 200 0.30468297
MCMC 16 200 0.8061621189
MCMC 32 200 1.931617022
MCMC 64 200 3.826086998
MCMC 2 400 0.0579829216
MCMC 4 400 0.2541129589
MCMC 8 400 0.5216991901
MCMC 16 400 0.9848890305
MCMC 32 400 2.232101917
MCMC 64 400 7.205862999
MCMC 2 800 0.3276238441
MCMC 4 800 0.2356979847
MCMC 8 800 0.6942119598
MCMC 16 800 2.143124819
MCMC 32 800 4.821135998
MCMC 64 800 9.818077087
MCMC 2 1600 0.5745339394
MCMC 4 1600 0.5490670204
MCMC 8 1600 1.449131966
MCMC 16 1600 3.449916124
MCMC 32 1600 7.237285852
MCMC 64 1600 13.85986996
MCMC 2 3200 0.2729690075
MCMC 4 3200 1.372941971
MCMC 8 3200 3.174163103
MCMC 16 3200 6.490651846
MCMC 32 3200 12.75644803
MCMC 64 3200 23.43728113
MCMC 2 6400 5.120110035
MCMC 4 6400 2.973886967
MCMC 8 6400 6.38994813
MCMC 16 6400 13.20875406
MCMC 32 6400 27.39554095
MCMC 64 6400 42.40547395
MCMC 2 12800 5.376997948
MCMC 4 12800 9.214655161
MCMC 8 12800 11.72578502
MCMC 16 12800 41.80187893
MCMC 32 12800 51.25379205
MCMC 64 12800 111.98634
MCMC 2 25600 16.77316904
MCMC 4 25600 63.84708595
MCMC 8 25600 90.66031289
MCMC 16 25600 65.71003485
MCMC 32 25600 77.41235495
MCMC 64 25600 147.936631
MCMC 2 200 0.1657018661
MCMC 4 200 0.07851696014
MCMC 8 200 0.3620021343
MCMC 16 200 0.5536088943
MCMC 32 200 2.102428198
MCMC 64 200 3.689049959
MCMC 2 400 0.05154299736
MCMC 4 400 0.1991081238
MCMC 8 400 0.3897209167
MCMC 16 400 1.10995698
MCMC 32 400 3.71696806
MCMC 64 400 5.56220603
MCMC 2 800 0.6388530731
MCMC 4 800 0.2761359215
MCMC 8 800 0.7847521305
MCMC 16 800 1.494150162
MCMC 32 800 3.758800983
MCMC 64 800 11.10132194
MCMC 2 1600 1.240521908
MCMC 4 1600 2.470860958
MCMC 8 1600 1.637207985
MCMC 16 1600 2.846594095
MCMC 32 1600 7.292211056
MCMC 64 1600 20.46022892
MCMC 2 3200 2.541325092
MCMC 4 3200 1.230255842
MCMC 8 3200 6.241735935
MCMC 16 3200 5.990097046
MCMC 32 3200 14.2849741
MCMC 64 3200 19.25906992
MCMC 2 6400 1.729386091
MCMC 4 6400 6.649194956
MCMC 8 6400 10.33566403
MCMC 16 6400 21.55890512
MCMC 32 6400 16.40471411
MCMC 64 6400 49.54791713
MCMC 2 12800 19.59472299
MCMC 4 12800 7.617309093
MCMC 8 12800 18.16785383
MCMC 16 12800 37.33470392
MCMC 32 12800 74.82370591
MCMC 64 12800 69.55219603
MCMC 2 25600 58.39078999
MCMC 4 25600 99.32763004
MCMC 8 25600 89.55363703
MCMC 16 25600 64.33016205
MCMC 32 25600 102.8389819
MCMC 64 25600 89.19382691
MCMC 2 200 0.2055008411
MCMC 4 200 0.1483118534
MCMC 8 200 0.3704309464
MCMC 16 200 0.9124879837
MCMC 32 200 1.815274954
MCMC 64 200 3.91908288
MCMC 2 400 0.0402469635
MCMC 4 400 0.1571159363
MCMC 8 400 0.3266060352
MCMC 16 400 0.9679279327
MCMC 32 400 2.916182995
MCMC 64 400 6.339808941
MCMC 2 800 0.1572239399
MCMC 4 800 0.2448298931
MCMC 8 800 0.896474123
MCMC 16 800 2.052667141
MCMC 32 800 4.520523071
MCMC 64 800 9.717863083
MCMC 2 1600 0.4380269051
MCMC 4 1600 0.4155797958
MCMC 8 1600 1.759293079
MCMC 16 1600 5.645154953
MCMC 32 1600 6.359205961
MCMC 64 1600 17.97988796
MCMC 2 3200 2.477247
MCMC 4 3200 2.627485991
MCMC 8 3200 6.224687099
MCMC 16 3200 5.45540309
MCMC 32 3200 15.5525918
MCMC 64 3200 28.00360608
MCMC 2 6400 9.204144955
MCMC 4 6400 9.824721098
MCMC 8 6400 15.72343302
MCMC 16 6400 16.67723203
MCMC 32 6400 28.9763031
MCMC 64 6400 27.76730609
MCMC 2 12800 13.05035901
MCMC 4 12800 3.117933035
MCMC 8 12800 25.1526649
MCMC 16 12800 31.61690283
MCMC 32 12800 44.51926088
MCMC 64 12800 51.87912607
MCMC 2 25600 3.19619298
MCMC 4 25600 29.69374418
MCMC 8 25600 62.85942316
MCMC 16 25600 100.7702961
MCMC 32 25600 60.76267695
MCMC 64 25600 158.8658149
MCMC 2 200 0.1264941692
MCMC 4 200 0.06360316277
MCMC 8 200 0.2553498745
MCMC 16 200 0.7963929176
MCMC 32 200 2.106867075
MCMC 64 200 4.479327917
MCMC 2 400 0.05801010132
MCMC 4 400 0.1844398975
MCMC 8 400 0.4645860195
MCMC 16 400 1.061824083
MCMC 32 400 3.402513027
MCMC 64 400 4.319159985
MCMC 2 800 0.1280810833
MCMC 4 800 0.123000145
MCMC 8 800 0.7918388844
MCMC 16 800 1.488780975
MCMC 32 800 4.716533184
MCMC 64 800 7.97965312
MCMC 2 1600 0.2660620213
MCMC 4 1600 1.090507984
MCMC 8 1600 1.526342869
MCMC 16 1600 3.630002975
MCMC 32 1600 8.475143194
MCMC 64 1600 11.89889097
MCMC 2 3200 1.015552044
MCMC 4 3200 1.899296045
MCMC 8 3200 4.400177002
MCMC 16 3200 4.878897905
MCMC 32 3200 14.38806796
MCMC 64 3200 28.69298887
MCMC 2 6400 3.071699142
MCMC 4 6400 9.117726088
MCMC 8 6400 7.022545099
MCMC 16 6400 13.82043195
MCMC 32 6400 16.81170297
MCMC 64 6400 34.94515705
MCMC 2 12800 6.339195967
MCMC 4 12800 20.61391401
MCMC 8 12800 19.97136497
MCMC 16 12800 56.10326099
MCMC 32 12800 61.29342914
MCMC 64 12800 49.83840013
MCMC 2 25600 11.54913497
MCMC 4 25600 117.2494669
MCMC 8 25600 21.1008842
MCMC 16 25600 44.84908414
MCMC 32 25600 99.55258799
MCMC 64 25600 179.647311
BAS 2 200 0.00935578346252441
BAS 4 200 0.0169579982757568
BAS 8 200 0.184874057769775
BAS 16 200 62.9633250236511
BAS 32 200 200.0
BAS 64 200 200.0
BAS 2 400 0.0398769378662109
BAS 4 400 0.22345495223999
BAS 8 400 0.793716907501221
BAS 16 400 113.319886922836
BAS 32 400 200.0
BAS 64 400 200.0
BAS 2 800 0.0569860935211182
BAS 4 800 0.0495150089263916
BAS 8 800 0.661719083786011
BAS 16 800 200.0
BAS 32 800 200.0
BAS 64 800 200.0
BAS 2 1600 0.0401759147644043
BAS 4 1600 0.119838953018188
BAS 8 1600 1.47541904449463
BAS 16 1600 200.0
BAS 32 1600 200.0
BAS 64 1600 200.0
BAS 2 3200 0.675331115722656
BAS 4 3200 0.224586009979248
BAS 8 3200 2.80255699157715
BAS 16 3200 200.0
BAS 32 3200 200.0
BAS 64 3200 200.0
BAS 2 6400 0.242893934249878
BAS 4 6400 0.698920965194702
BAS 8 6400 5.85765600204468
BAS 16 6400 200.0
BAS 32 6400 200.0
BAS 64 6400 200.0
BAS 2 12800 0.7377610206604
BAS 4 12800 1.29361295700073
BAS 8 12800 19.618772983551
BAS 16 12800 200.0
BAS 32 12800 200.0
BAS 64 12800 200.0
BAS 2 25600 1.47391891479492
BAS 4 25600 2.50546193122864
BAS 8 25600 34.1266601085663
BAS 16 25600 200.0
BAS 32 25600 200.0
BAS 64 25600 200.0
