type	model	precision	recall	F1
Logit	Logit1	0.000000000000	0.000000000000000	0.000000000000000
Logit	Logit1	0.412140575080	0.908450704225352	0.567032967032967
Logit	Logit1	0.000000000000	0.000000000000000	0.000000000000000
Logit	Logit1	0.000000000000	0.000000000000000	0.000000000000000
Logit	Logit1	0.508982035928	0.598591549295774	0.550161812297734
Logit	Logit1	0.000000000000	0.000000000000000	0.000000000000000
Logit	Logit1	0.000000000000	0.000000000000000	0.000000000000000
Logit	Logit1	0.000000000000	0.000000000000000	0.000000000000000
Logit	Logit1	0.000000000000	0.000000000000000	0.000000000000000
Logit	Logit2	0.654545454545	0.253521126760563	0.365482233502538
Logit	Logit2	0.558139534884	0.169014084507042	0.259459459459459
Logit	Logit2	0.523809523810	0.154929577464788	0.239130434782608
Logit	Logit2	0.464285714286	0.366197183098591	0.409448818897637
Logit	Logit2	0.000000000000	0.000000000000000	0.000000000000000
Logit	Logit2	0.000000000000	0.000000000000000	0.000000000000000
Logit	Logit2	0.000000000000	0.000000000000000	0.000000000000000
Logit	Logit2	0.510869565217	0.330985915492957	0.401709401709401
Logit	Logit2	0.536231884058	0.260563380281690	0.350710900473933
Logit	Logit2	0.580645161290	0.253521126760563	0.352941176470588
Logit	Logit2	0.412140575080	0.908450704225352	0.567032967032967
Logit	Logit2	0.573770491803	0.246478873239436	0.344827586206896
Logit	Logit2	0.629629629630	0.239436619718309	0.346938775510204
Logit	Logit2	0.458064516129	0.500000000000000	0.478114478114478
Logit	Logit2	0.563636363636	0.218309859154929	0.314720812182741
Logit	Logit2	0.266666666667	0.028169014084507	0.050955414012739
Logit	Logit2	0.366336633663	0.260563380281690	0.304526748971193
Logit	Logit2	0.490566037736	0.183098591549295	0.266666666666666
Logit	Logit2	0.549019607843	0.197183098591549	0.290155440414507
Logit	Logit2	0.000000000000	0.000000000000000	0.000000000000000
Logit	Logit2	0.000000000000	0.000000000000000	0.000000000000000
Logit	Logit2	0.448275862069	0.274647887323943	0.340611353711790
Logit	Logit2	0.400000000000	0.070422535211268	0.119760479041916
Logit	Logit2	0.544117647059	0.260563380281690	0.352380952380952
Logit	Logit2	0.000000000000	0.000000000000000	0.000000000000000
Logit	Logit2	0.433962264151	0.161971830985915	0.235897435897435
Logit	Logit2	0.448979591837	0.309859154929577	0.366666666666666
Logit	Logit2	0.504672897196	0.380281690140845	0.433734939759036
Logit	Logit2	0.508620689655	0.415492957746478	0.457364341085271
Logit	Logit2	0.344827586207	0.211267605633802	0.262008733624454
Logit	Logit2	0.000000000000	0.000000000000000	0.000000000000000
Logit	Logit2	0.000000000000	0.000000000000000	0.000000000000000
Logit	Logit2	0.507246376812	0.246478873239436	0.331753554502369
Logit	Logit2	0.000000000000	0.000000000000000	0.000000000000000
Logit	Logit2	0.541176470588	0.323943661971831	0.405286343612334
Logit	Logit2	0.000000000000	0.000000000000000	0.000000000000000
Logit	Logit3	0.609756097561	0.352112676056338	0.446428571428571
Logit	Logit3	0.619047619048	0.274647887323943	0.380487804878048
Logit	Logit3	0.585106382979	0.387323943661971	0.466101694915254
Logit	Logit3	0.649122807018	0.260563380281690	0.371859296482412
Logit	Logit3	0.631578947368	0.253521126760563	0.361809045226130
Logit	Logit3	0.654545454545	0.253521126760563	0.365482233502538
Logit	Logit3	0.563829787234	0.373239436619718	0.449152542372881
Logit	Logit3	0.566666666667	0.239436619718309	0.336633663366336
Logit	Logit3	0.602272727273	0.373239436619718	0.460869565217391
Logit	Logit3	0.562500000000	0.190140845070422	0.284210526315789
Logit	Logit3	0.560000000000	0.197183098591549	0.291666666666666
Logit	Logit3	0.545454545455	0.169014084507042	0.258064516129032
Logit	Logit3	0.568421052632	0.380281690140845	0.455696202531645
Logit	Logit3	0.538461538462	0.345070422535211	0.420600858369098
Logit	Logit3	0.525000000000	0.147887323943661	0.230769230769230
Logit	Logit3	0.544117647059	0.260563380281690	0.352380952380952
Logit	Logit3	0.534883720930	0.161971830985915	0.248648648648648
Logit	Logit3	0.522727272727	0.323943661971831	0.400000000000000
Logit	Logit3	0.435185185185	0.330985915492957	0.376000000000000
Logit	Logit3	0.504672897196	0.380281690140845	0.433734939759036
Logit	Logit3	0.468468468468	0.366197183098591	0.411067193675889
Logit	Logit3	0.551020408163	0.380281690140845	0.450000000000000
Logit	Logit3	0.000000000000	0.000000000000000	0.000000000000000
Logit	Logit3	0.000000000000	0.000000000000000	0.000000000000000
Logit	Logit3	0.505617977528	0.316901408450704	0.389610389610389
Logit	Logit3	0.000000000000	0.000000000000000	0.000000000000000
Logit	Logit3	0.515789473684	0.345070422535211	0.413502109704641
Logit	Logit3	0.516483516484	0.330985915492957	0.403433476394849
Logit	Logit3	0.632352941176	0.302816901408450	0.409523809523809
Logit	Logit3	0.481132075472	0.359154929577464	0.411290322580645
Logit	Logit3	0.593023255814	0.359154929577464	0.447368421052631
Logit	Logit3	0.650000000000	0.366197183098591	0.468468468468468
Logit	Logit3	0.540983606557	0.232394366197183	0.325123152709359
Logit	Logit3	0.557692307692	0.204225352112676	0.298969072164948
Logit	Logit3	0.539215686275	0.387323943661971	0.450819672131147
Logit	Logit3	0.546875000000	0.246478873239436	0.339805825242718
Logit	Logit3	0.606741573034	0.380281690140845	0.467532467532467
Logit	Logit3	0.550000000000	0.232394366197183	0.326732673267326
Logit	Logit3	0.549295774648	0.274647887323943	0.366197183098591
Logit	Logit3	0.551020408163	0.380281690140845	0.450000000000000
Logit	Logit3	0.597938144330	0.408450704225352	0.485355648535564
Logit	Logit3	0.454081632653	0.626760563380281	0.526627218934911
Logit	Logit3	0.500000000000	0.359154929577464	0.418032786885245
Logit	Logit3	0.629629629630	0.239436619718309	0.346938775510204
Logit	Logit3	0.590163934426	0.253521126760563	0.354679802955665
Logit	Logit3	0.530864197531	0.302816901408450	0.385650224215246
Logit	Logit3	0.648148148148	0.246478873239436	0.357142857142857
Logit	Logit3	0.521276595745	0.345070422535211	0.415254237288135
Logit	Logit3	0.574074074074	0.218309859154929	0.316326530612244
Logit	Logit3	0.505376344086	0.330985915492957	0.399999999999999
Logit	Logit3	0.509433962264	0.190140845070422	0.276923076923076
Logit	Logit3	0.597701149425	0.366197183098591	0.454148471615720
Logit	Logit3	0.266666666667	0.028169014084507	0.050955414012739
Logit	Logit3	0.417910447761	0.197183098591549	0.267942583732057
Logit	Logit3	0.577777777778	0.366197183098591	0.448275862068965
Logit	Logit3	0.626506024096	0.366197183098591	0.462222222222222
Logit	Logit3	0.388349514563	0.281690140845070	0.326530612244897
Logit	Logit3	0.344444444444	0.218309859154929	0.267241379310344
Logit	Logit3	0.551020408163	0.190140845070422	0.282722513089005
Logit	Logit3	0.518518518519	0.197183098591549	0.285714285714285
Logit	Logit3	0.500000000000	0.260563380281690	0.342592592592592
Logit	Logit3	0.589285714286	0.232394366197183	0.333333333333333
Logit	Logit3	0.568627450980	0.408450704225352	0.475409836065573
Logit	Logit3	0.000000000000	0.000000000000000	0.000000000000000
Logit	Logit3	0.490000000000	0.345070422535211	0.404958677685950
Logit	Logit3	0.604395604396	0.387323943661971	0.472103004291845
Logit	Logit3	0.448275862069	0.274647887323943	0.340611353711790
Logit	Logit3	0.473118279570	0.309859154929577	0.374468085106382
Logit	Logit3	0.545454545455	0.295774647887323	0.383561643835616
Logit	Logit3	0.444444444444	0.084507042253521	0.142011834319526
Logit	Logit3	0.469696969697	0.218309859154929	0.298076923076923
Logit	Logit3	0.533333333333	0.281690140845070	0.368663594470046
Logit	Logit3	0.524271844660	0.380281690140845	0.440816326530612
Logit	Logit3	0.411764705882	0.147887323943661	0.217616580310880
Logit	Logit3	0.504672897196	0.380281690140845	0.433734939759036
Logit	Logit3	0.444444444444	0.309859154929577	0.365145228215767
Logit	Logit3	0.484848484848	0.338028169014084	0.398340248962655
Logit	Logit3	0.490384615385	0.359154929577464	0.414634146341463
Logit	Logit3	0.566371681416	0.450704225352112	0.501960784313725
Logit	Logit3	0.416666666667	0.281690140845070	0.336134453781512
Logit	Logit3	0.000000000000	0.000000000000000	0.000000000000000
Logit	Logit3	0.534883720930	0.323943661971831	0.403508771929824
Logit	Logit3	0.514285714286	0.253521126760563	0.339622641509433
Logit	Logit3	0.551724137931	0.338028169014084	0.419213973799126
Logit	Logit4	0.607142857143	0.359154929577464	0.451327433628318
Logit	Logit4	0.628865979381	0.429577464788732	0.510460251046025
Logit	Logit4	0.629629629630	0.359154929577464	0.457399103139013
Logit	Logit4	0.634146341463	0.366197183098591	0.464285714285714
Logit	Logit4	0.612500000000	0.345070422535211	0.441441441441441
Logit	Logit4	0.594339622642	0.443661971830985	0.508064516129032
Logit	Logit4	0.588235294118	0.422535211267605	0.491803278688524
Logit	Logit4	0.603174603175	0.267605633802816	0.370731707317073
Logit	Logit4	0.602272727273	0.373239436619718	0.460869565217391
Logit	Logit4	0.619047619048	0.274647887323943	0.380487804878048
Logit	Logit4	0.571428571429	0.394366197183098	0.466666666666666
Logit	Logit4	0.572916666667	0.387323943661971	0.462184873949579
Logit	Logit4	0.587628865979	0.401408450704225	0.476987447698744
Logit	Logit4	0.568421052632	0.380281690140845	0.455696202531645
Logit	Logit4	0.577981651376	0.443661971830985	0.501992031872510
Logit	Logit4	0.614035087719	0.246478873239436	0.351758793969849
Logit	Logit4	0.660714285714	0.260563380281690	0.373737373737373
Logit	Logit4	0.565217391304	0.366197183098591	0.444444444444444
Logit	Logit4	0.637931034483	0.260563380281690	0.370000000000000
Logit	Logit4	0.569892473118	0.373239436619718	0.451063829787234
Logit	Logit4	0.569892473118	0.373239436619718	0.451063829787234
Logit	Logit4	0.611111111111	0.387323943661971	0.474137931034482
Logit	Logit4	0.555555555556	0.246478873239436	0.341463414634146
Logit	Logit4	0.613636363636	0.380281690140845	0.469565217391304
Logit	Logit4	0.540983606557	0.232394366197183	0.325123152709359
Logit	Logit4	0.547368421053	0.366197183098591	0.438818565400843
Logit	Logit4	0.619047619048	0.366197183098591	0.460176991150442
Logit	Logit4	0.629629629630	0.359154929577464	0.457399103139013
Logit	Logit4	0.623529411765	0.373239436619718	0.466960352422907
Logit	Logit4	0.583333333333	0.443661971830985	0.504000000000000
Logit	Logit4	0.560000000000	0.197183098591549	0.291666666666666
Logit	Logit4	0.529411764706	0.190140845070422	0.279792746113989
Logit	Logit4	0.553191489362	0.366197183098591	0.440677966101694
Logit	Logit4	0.636363636364	0.246478873239436	0.355329949238578
Logit	Logit4	0.615384615385	0.450704225352112	0.520325203252032
Logit	Logit4	0.551020408163	0.380281690140845	0.450000000000000
Logit	Logit4	0.542553191489	0.359154929577464	0.432203389830508
Logit	Logit4	0.604395604396	0.387323943661971	0.472103004291845
Logit	Logit4	0.560439560440	0.359154929577464	0.437768240343347
Logit	Logit4	0.551020408163	0.380281690140845	0.450000000000000
Logit	Logit4	0.542168674699	0.316901408450704	0.400000000000000
Logit	Logit4	0.511627906977	0.154929577464788	0.237837837837837
Logit	Logit4	0.517241379310	0.316901408450704	0.393013100436681
Logit	Logit4	0.527027027027	0.274647887323943	0.361111111111111
Logit	Logit4	0.540000000000	0.380281690140845	0.446280991735537
Logit	Logit4	0.510869565217	0.330985915492957	0.401709401709401
Logit	Logit4	0.500000000000	0.380281690140845	0.432000000000000
Logit	Logit4	0.444444444444	0.338028169014084	0.383999999999999
Logit	Logit4	0.567010309278	0.387323943661971	0.460251046025104
Logit	Logit4	0.485714285714	0.359154929577464	0.412955465587044
Logit	Logit4	0.594594594595	0.464788732394366	0.521739130434782
Logit	Logit4	0.547368421053	0.366197183098591	0.438818565400843
Logit	Logit4	0.000000000000	0.000000000000000	0.000000000000000
Logit	Logit4	0.515463917526	0.352112676056338	0.418410041841004
Logit	Logit4	0.505494505495	0.323943661971831	0.394849785407725
Logit	Logit4	0.510204081633	0.352112676056338	0.416666666666666
Logit	Logit4	0.563106796117	0.408450704225352	0.473469387755102
Logit	Logit4	0.607142857143	0.359154929577464	0.451327433628318
Logit	Logit4	0.631578947368	0.422535211267605	0.506329113924050
Logit	Logit4	0.582089552239	0.274647887323943	0.373205741626794
Logit	Logit4	0.558441558442	0.302816901408450	0.392694063926940
Logit	Logit4	0.572815533981	0.415492957746478	0.481632653061224
Logit	Logit4	0.640776699029	0.464788732394366	0.538775510204081
Logit	Logit4	0.434782608696	0.352112676056338	0.389105058365758
Logit	Logit4	0.490000000000	0.345070422535211	0.404958677685950
Logit	Logit4	0.650602409639	0.380281690140845	0.480000000000000
Logit	Logit4	0.593023255814	0.359154929577464	0.447368421052631
Logit	Logit4	0.569892473118	0.373239436619718	0.451063829787234
Logit	Logit4	0.641975308642	0.366197183098591	0.466367713004484
Logit	Logit4	0.590476190476	0.436619718309859	0.502024291497975
Logit	Logit4	0.576923076923	0.211267605633802	0.309278350515463
Logit	Logit4	0.551020408163	0.380281690140845	0.450000000000000
Logit	Logit4	0.611650485437	0.443661971830985	0.514285714285714
Logit	Logit4	0.518867924528	0.387323943661971	0.443548387096774
Logit	Logit4	0.548076923077	0.401408450704225	0.463414634146341
Logit	Logit4	0.555555555556	0.387323943661971	0.456431535269709
Logit	Logit4	0.555555555556	0.246478873239436	0.341463414634146
Logit	Logit4	0.525000000000	0.295774647887323	0.378378378378378
Logit	Logit4	0.606741573034	0.380281690140845	0.467532467532467
Logit	Logit4	0.568627450980	0.408450704225352	0.475409836065573
Logit	Logit4	0.522388059701	0.246478873239436	0.334928229665071
Logit	Logit4	0.597938144330	0.408450704225352	0.485355648535564
Logit	Logit4	0.560000000000	0.394366197183098	0.462809917355371
Logit	Logit4	0.551401869159	0.415492957746478	0.473895582329317
Logit	Logit4	0.585106382979	0.387323943661971	0.466101694915254
Logit	Logit4	0.605042016807	0.507042253521126	0.551724137931034
Logit	Logit4	0.504950495050	0.359154929577464	0.419753086419753
Logit	Logit4	0.648148148148	0.246478873239436	0.357142857142857
Logit	Logit4	0.521276595745	0.345070422535211	0.415254237288135
Logit	Logit4	0.551282051282	0.302816901408450	0.390909090909090
Logit	Logit4	0.525252525253	0.366197183098591	0.431535269709543
Logit	Logit4	0.577777777778	0.366197183098591	0.448275862068965
Logit	Logit4	0.626262626263	0.436619718309859	0.514522821576763
Logit	Logit4	0.516483516484	0.330985915492957	0.403433476394849
Logit	Logit4	0.484536082474	0.330985915492957	0.393305439330543
Logit	Logit4	0.577777777778	0.366197183098591	0.448275862068965
Logit	Logit4	0.471698113208	0.176056338028169	0.256410256410256
Logit	Logit4	0.524390243902	0.302816901408450	0.383928571428571
Logit	Logit4	0.579545454545	0.359154929577464	0.443478260869565
Logit	Logit4	0.567307692308	0.415492957746478	0.479674796747967
Logit	Logit4	0.400000000000	0.183098591549295	0.251207729468599
Logit	Logit4	0.634146341463	0.366197183098591	0.464285714285714
Logit	Logit4	0.577777777778	0.366197183098591	0.448275862068965
Logit	Logit4	0.543689320388	0.394366197183098	0.457142857142857
Logit	Logit4	0.632911392405	0.352112676056338	0.452488687782805
Logit	Logit4	0.616071428571	0.485915492957746	0.543307086614173
Logit	Logit4	0.386138613861	0.274647887323943	0.320987654320987
Logit	Logit4	0.607142857143	0.239436619718309	0.343434343434343
Logit	Logit4	0.564356435644	0.401408450704225	0.469135802469135
Logit	Logit4	0.512820512821	0.281690140845070	0.363636363636363
Logit	Logit4	0.566037735849	0.422535211267605	0.483870967741935
Logit	Logit4	0.673267326733	0.478873239436619	0.559670781893004
Logit	Logit4	0.490000000000	0.345070422535211	0.404958677685950
Logit	Logit4	0.530612244898	0.366197183098591	0.433333333333333
Logit	Logit4	0.608695652174	0.394366197183098	0.478632478632478
Logit	Logit4	0.605504587156	0.464788732394366	0.525896414342629
Logit	Logit4	0.478723404255	0.316901408450704	0.381355932203389
Logit	Logit4	0.551282051282	0.302816901408450	0.390909090909090
Logit	Logit4	0.561224489796	0.387323943661971	0.458333333333333
Logit	Logit4	0.500000000000	0.246478873239436	0.330188679245283
Logit	Logit4	0.543689320388	0.394366197183098	0.457142857142857
Logit	Logit4	0.485436893204	0.352112676056338	0.408163265306122
Logit	Logit4	0.571428571429	0.450704225352112	0.503937007874015
Logit	Logit4	0.484848484848	0.338028169014084	0.398340248962655
Logit	Logit4	0.562500000000	0.443661971830985	0.496062992125984
Logit	Logit4	0.551724137931	0.338028169014084	0.419213973799126
Logit	Logit5	0.639175257732	0.436619718309859	0.518828451882845
Logit	Logit5	0.600000000000	0.359154929577464	0.449339207048458
Logit	Logit5	0.634408602151	0.415492957746478	0.502127659574468
Logit	Logit5	0.600000000000	0.359154929577464	0.449339207048458
Logit	Logit5	0.592592592593	0.450704225352112	0.512000000000000
Logit	Logit5	0.634408602151	0.415492957746478	0.502127659574468
Logit	Logit5	0.653465346535	0.464788732394366	0.543209876543209
Logit	Logit5	0.625000000000	0.422535211267605	0.504201680672268
Logit	Logit5	0.603960396040	0.429577464788732	0.502057613168724
Logit	Logit5	0.637500000000	0.359154929577464	0.459459459459459
Logit	Logit5	0.629629629630	0.359154929577464	0.457399103139013
Logit	Logit5	0.586538461538	0.429577464788732	0.495934959349593
Logit	Logit5	0.625000000000	0.352112676056338	0.450450450450450
Logit	Logit5	0.625000000000	0.457746478873239	0.528455284552845
Logit	Logit5	0.592592592593	0.450704225352112	0.512000000000000
Logit	Logit5	0.588235294118	0.422535211267605	0.491803278688524
Logit	Logit5	0.610000000000	0.429577464788732	0.504132231404958
Logit	Logit5	0.592233009709	0.429577464788732	0.497959183673469
Logit	Logit5	0.577981651376	0.443661971830985	0.501992031872510
Logit	Logit5	0.569892473118	0.373239436619718	0.451063829787234
Logit	Logit5	0.603174603175	0.267605633802816	0.370731707317073
Logit	Logit5	0.577319587629	0.394366197183098	0.468619246861924
Logit	Logit5	0.604651162791	0.366197183098591	0.456140350877193
Logit	Logit5	0.602040816327	0.415492957746478	0.491666666666666
Logit	Logit5	0.577319587629	0.394366197183098	0.468619246861924
Logit	Logit5	0.587628865979	0.401408450704225	0.476987447698744
Logit	Logit5	0.574468085106	0.380281690140845	0.457627118644067
Logit	Logit5	0.584905660377	0.436619718309859	0.500000000000000
Logit	Logit5	0.583333333333	0.394366197183098	0.470588235294117
Logit	Logit5	0.607142857143	0.478873239436619	0.535433070866141
Logit	Logit5	0.574074074074	0.436619718309859	0.495999999999999
Logit	Logit5	0.620689655172	0.253521126760563	0.360000000000000
Logit	Logit5	0.564356435644	0.401408450704225	0.469135802469135
Logit	Logit5	0.569892473118	0.373239436619718	0.451063829787234
Logit	Logit5	0.569892473118	0.373239436619718	0.451063829787234
Logit	Logit5	0.629213483146	0.394366197183098	0.484848484848484
Logit	Logit5	0.626262626263	0.436619718309859	0.514522821576763
Logit	Logit5	0.627906976744	0.380281690140845	0.473684210526315
Logit	Logit5	0.592592592593	0.450704225352112	0.512000000000000
Logit	Logit5	0.604395604396	0.387323943661971	0.472103004291845
Logit	Logit5	0.532258064516	0.232394366197183	0.323529411764705
Logit	Logit5	0.548387096774	0.359154929577464	0.434042553191489
Logit	Logit5	0.560975609756	0.323943661971831	0.410714285714285
Logit	Logit5	0.585585585586	0.457746478873239	0.513833992094861
Logit	Logit5	0.543689320388	0.394366197183098	0.457142857142857
Logit	Logit5	0.637500000000	0.359154929577464	0.459459459459459
Logit	Logit5	0.612500000000	0.345070422535211	0.441441441441441
Logit	Logit5	0.592233009709	0.429577464788732	0.497959183673469
Logit	Logit5	0.642857142857	0.380281690140845	0.477876106194690
Logit	Logit5	0.613207547170	0.457746478873239	0.524193548387096
Logit	Logit5	0.574074074074	0.436619718309859	0.495999999999999
Logit	Logit5	0.636363636364	0.246478873239436	0.355329949238578
Logit	Logit5	0.607476635514	0.457746478873239	0.522088353413654
Logit	Logit5	0.557894736842	0.373239436619718	0.447257383966244
Logit	Logit5	0.605769230769	0.443661971830985	0.512195121951219
Logit	Logit5	0.663265306122	0.457746478873239	0.541666666666666
Logit	Logit5	0.531914893617	0.352112676056338	0.423728813559322
Logit	Logit5	0.562500000000	0.380281690140845	0.453781512605042
Logit	Logit5	0.608695652174	0.394366197183098	0.478632478632478
Logit	Logit5	0.579439252336	0.436619718309859	0.497991967871486
Logit	Logit5	0.547368421053	0.366197183098591	0.438818565400843
Logit	Logit5	0.512195121951	0.295774647887323	0.375000000000000
Logit	Logit5	0.540000000000	0.380281690140845	0.446280991735537
Logit	Logit5	0.522222222222	0.330985915492957	0.405172413793103
Logit	Logit5	0.530000000000	0.373239436619718	0.438016528925619
Logit	Logit5	0.485714285714	0.359154929577464	0.412955465587044
Logit	Logit5	0.592920353982	0.471830985915492	0.525490196078431
Logit	Logit5	0.557894736842	0.373239436619718	0.447257383966244
Logit	Logit5	0.596330275229	0.457746478873239	0.517928286852589
Logit	Logit5	0.515789473684	0.345070422535211	0.413502109704641
Logit	Logit5	0.578431372549	0.415492957746478	0.483606557377049
Logit	Logit5	0.647619047619	0.478873239436619	0.550607287449392
Logit	Logit5	0.532110091743	0.408450704225352	0.462151394422310
Logit	Logit5	0.561904761905	0.415492957746478	0.477732793522267
Logit	Logit5	0.632653061224	0.436619718309859	0.516666666666666
Logit	Logit5	0.614457831325	0.359154929577464	0.453333333333333
Logit	Logit5	0.547368421053	0.366197183098591	0.438818565400843
Logit	Logit5	0.638297872340	0.422535211267605	0.508474576271186
Logit	Logit5	0.616822429907	0.464788732394366	0.530120481927710
Logit	Logit5	0.547945205479	0.281690140845070	0.372093023255813
Logit	Logit5	0.644230769231	0.471830985915492	0.544715447154471
Logit	Logit5	0.551401869159	0.415492957746478	0.473895582329317
Logit	Logit5	0.556603773585	0.415492957746478	0.475806451612903
Logit	Logit5	0.632075471698	0.471830985915492	0.540322580645161
Logit	Logit5	0.612068965517	0.500000000000000	0.550387596899224
Logit	Logit5	0.476190476190	0.352112676056338	0.404858299595141
Logit	Logit5	0.646341463415	0.373239436619718	0.473214285714285
Logit	Logit5	0.600000000000	0.443661971830985	0.510121457489878
Logit	Logit5	0.565217391304	0.366197183098591	0.444444444444444
Logit	Logit5	0.590476190476	0.436619718309859	0.502024291497975
Logit	Logit5	0.644230769231	0.471830985915492	0.544715447154471
Logit	Logit5	0.560000000000	0.394366197183098	0.462809917355371
Logit	Logit5	0.582524271845	0.422535211267605	0.489795918367346
Logit	Logit5	0.607843137255	0.436619718309859	0.508196721311475
Logit	Logit5	0.606837606838	0.500000000000000	0.548262548262548
Logit	Logit5	0.543689320388	0.394366197183098	0.457142857142857
Logit	Logit5	0.571428571429	0.394366197183098	0.466666666666666
Logit	Logit5	0.580952380952	0.429577464788732	0.493927125506072
Logit	Logit5	0.518987341772	0.288732394366197	0.371040723981900
Logit	Logit5	0.572815533981	0.415492957746478	0.481632653061224
Logit	Logit5	0.585106382979	0.387323943661971	0.466101694915254
Logit	Logit5	0.613445378151	0.514084507042253	0.559386973180076
Logit	Logit5	0.555555555556	0.422535211267605	0.480000000000000
Logit	Logit5	0.610169491525	0.507042253521126	0.553846153846154
Logit	Logit5	0.525773195876	0.359154929577464	0.426778242677824
Logit	Logit5	0.653465346535	0.464788732394366	0.543209876543209
Logit	Logit5	0.577777777778	0.366197183098591	0.448275862068965
Logit	Logit5	0.568627450980	0.408450704225352	0.475409836065573
Logit	Logit5	0.620000000000	0.436619718309859	0.512396694214876
Logit	Logit5	0.614035087719	0.492957746478873	0.546875000000000
Logit	Logit5	0.489795918367	0.338028169014084	0.400000000000000
Logit	Logit5	0.577777777778	0.366197183098591	0.448275862068965
Logit	Logit5	0.586538461538	0.429577464788732	0.495934959349593
Logit	Logit5	0.506172839506	0.288732394366197	0.367713004484304
Logit	Logit5	0.561904761905	0.415492957746478	0.477732793522267
Logit	Logit5	0.632911392405	0.352112676056338	0.452488687782805
Logit	Logit5	0.612612612613	0.478873239436619	0.537549407114624
Logit	Logit5	0.550000000000	0.387323943661971	0.454545454545454
Logit	Logit5	0.625000000000	0.492957746478873	0.551181102362204
Logit	Logit5	0.571428571429	0.422535211267605	0.485829959514170
Logit	Logit5	0.673267326733	0.478873239436619	0.559670781893004
Logit	Logit5	0.633027522936	0.485915492957746	0.549800796812749
Logit	Logit5	0.514851485149	0.366197183098591	0.427983539094650
Logit	Logit5	0.600000000000	0.464788732394366	0.523809523809523
Logit	Logit5	0.554455445545	0.394366197183098	0.460905349794238
Logit	Logit5	0.571428571429	0.450704225352112	0.503937007874015
Logit	Logit6	0.628865979381	0.429577464788732	0.510460251046025
Logit	Logit6	0.632075471698	0.471830985915492	0.540322580645161
Logit	Logit6	0.645833333333	0.436619718309859	0.521008403361344
Logit	Logit6	0.605769230769	0.443661971830985	0.512195121951219
Logit	Logit6	0.635416666667	0.429577464788732	0.512605042016806
Logit	Logit6	0.583333333333	0.345070422535211	0.433628318584070
Logit	Logit6	0.592233009709	0.429577464788732	0.497959183673469
Logit	Logit6	0.630434782609	0.408450704225352	0.495726495726495
Logit	Logit6	0.637254901961	0.457746478873239	0.532786885245901
Logit	Logit6	0.587155963303	0.450704225352112	0.509960159362549
Logit	Logit6	0.653465346535	0.464788732394366	0.543209876543209
Logit	Logit6	0.638297872340	0.422535211267605	0.508474576271186
Logit	Logit6	0.591836734694	0.408450704225352	0.483333333333333
Logit	Logit6	0.653465346535	0.464788732394366	0.543209876543209
Logit	Logit6	0.612068965517	0.500000000000000	0.550387596899224
Logit	Logit6	0.611650485437	0.443661971830985	0.514285714285714
Logit	Logit6	0.617283950617	0.352112676056338	0.448430493273542
Logit	Logit6	0.617647058824	0.443661971830985	0.516393442622950
Logit	Logit6	0.605769230769	0.443661971830985	0.512195121951219
Logit	Logit6	0.628571428571	0.464788732394366	0.534412955465587
Logit	Logit6	0.633663366337	0.450704225352112	0.526748971193415
Logit	Logit6	0.576923076923	0.422535211267605	0.487804878048780
Logit	Logit6	0.580952380952	0.429577464788732	0.493927125506072
Logit	Logit6	0.603960396040	0.429577464788732	0.502057613168724
Logit	Logit6	0.609090909091	0.471830985915492	0.531746031746031
Logit	Logit6	0.574074074074	0.436619718309859	0.495999999999999
Logit	Logit6	0.569892473118	0.373239436619718	0.451063829787234
Logit	Logit6	0.571428571429	0.422535211267605	0.485829959514170
Logit	Logit6	0.583333333333	0.394366197183098	0.470588235294117
Logit	Logit6	0.597938144330	0.408450704225352	0.485355648535564
Logit	Logit6	0.577319587629	0.394366197183098	0.468619246861924
Logit	Logit6	0.619469026549	0.492957746478873	0.549019607843137
Logit	Logit6	0.580952380952	0.429577464788732	0.493927125506072
Logit	Logit6	0.616071428571	0.485915492957746	0.543307086614173
Logit	Logit6	0.555555555556	0.387323943661971	0.456431535269709
Logit	Logit6	0.627450980392	0.450704225352112	0.524590163934426
Logit	Logit6	0.634408602151	0.415492957746478	0.502127659574468
Logit	Logit6	0.596330275229	0.457746478873239	0.517928286852589
Logit	Logit6	0.642857142857	0.443661971830985	0.525000000000000
Logit	Logit6	0.619047619048	0.457746478873239	0.526315789473684
Logit	Logit6	0.598214285714	0.471830985915492	0.527559055118110
Logit	Logit6	0.593406593407	0.380281690140845	0.463519313304721
Logit	Logit6	0.592592592593	0.450704225352112	0.512000000000000
Logit	Logit6	0.561224489796	0.387323943661971	0.458333333333333
Logit	Logit6	0.607476635514	0.457746478873239	0.522088353413654
Logit	Logit6	0.642857142857	0.380281690140845	0.477876106194690
Logit	Logit6	0.618181818182	0.478873239436619	0.539682539682539
Logit	Logit6	0.605504587156	0.464788732394366	0.525896414342629
Logit	Logit6	0.628571428571	0.464788732394366	0.534412955465587
Logit	Logit6	0.596330275229	0.457746478873239	0.517928286852589
Logit	Logit6	0.663265306122	0.457746478873239	0.541666666666666
Logit	Logit6	0.618181818182	0.478873239436619	0.539682539682539
Logit	Logit6	0.552083333333	0.373239436619718	0.445378151260504
Logit	Logit6	0.579439252336	0.436619718309859	0.497991967871486
Logit	Logit6	0.558823529412	0.401408450704225	0.467213114754098
Logit	Logit6	0.587155963303	0.450704225352112	0.509960159362549
Logit	Logit6	0.635514018692	0.478873239436619	0.546184738955823
Logit	Logit6	0.581632653061	0.401408450704225	0.475000000000000
Logit	Logit6	0.594059405941	0.422535211267605	0.493827160493827
Logit	Logit6	0.638095238095	0.471830985915492	0.542510121457489
Logit	Logit6	0.628318584071	0.500000000000000	0.556862745098039
Logit	Logit6	0.542056074766	0.408450704225352	0.465863453815261
Logit	Logit6	0.632653061224	0.436619718309859	0.516666666666666
Logit	Logit6	0.619047619048	0.457746478873239	0.526315789473684
Logit	Logit6	0.552083333333	0.373239436619718	0.445378151260504
Logit	Logit6	0.620370370370	0.471830985915492	0.536000000000000
Logit	Logit6	0.638095238095	0.471830985915492	0.542510121457489
Logit	Logit6	0.620689655172	0.507042253521126	0.558139534883720
Logit	Logit6	0.555555555556	0.422535211267605	0.480000000000000
Logit	Logit6	0.612068965517	0.500000000000000	0.550387596899224
Logit	Logit6	0.594339622642	0.443661971830985	0.508064516129032
Logit	Logit6	0.641509433962	0.478873239436619	0.548387096774193
Logit	Logit6	0.628318584071	0.500000000000000	0.556862745098039
Logit	Logit6	0.588235294118	0.422535211267605	0.491803278688524
Logit	Logit6	0.596491228070	0.478873239436619	0.531250000000000
Logit	Logit6	0.596153846154	0.436619718309859	0.504065040650406
Logit	Logit6	0.613445378151	0.514084507042253	0.559386973180076
Logit	Logit6	0.653846153846	0.478873239436619	0.552845528455284
Logit	Logit6	0.625000000000	0.492957746478873	0.551181102362204
Logit	Logit6	0.571428571429	0.422535211267605	0.485829959514170
Logit	Logit6	0.605504587156	0.464788732394366	0.525896414342629
Logit	Logit6	0.584905660377	0.436619718309859	0.500000000000000
Logit	Logit6	0.612612612613	0.478873239436619	0.537549407114624
Logit	Logit6	0.633027522936	0.485915492957746	0.549800796812749
Logit	Logit7	0.643564356436	0.457746478873239	0.534979423868312
Logit	Logit7	0.628865979381	0.429577464788732	0.510460251046025
Logit	Logit7	0.601941747573	0.436619718309859	0.506122448979591
Logit	Logit7	0.628571428571	0.464788732394366	0.534412955465587
Logit	Logit7	0.628318584071	0.500000000000000	0.556862745098039
Logit	Logit7	0.605769230769	0.443661971830985	0.512195121951219
Logit	Logit7	0.628865979381	0.429577464788732	0.510460251046025
Logit	Logit7	0.601851851852	0.457746478873239	0.520000000000000
Logit	Logit7	0.580952380952	0.429577464788732	0.493927125506072
Logit	Logit7	0.638095238095	0.471830985915492	0.542510121457489
Logit	Logit7	0.653465346535	0.464788732394366	0.543209876543209
Logit	Logit7	0.605042016807	0.507042253521126	0.551724137931034
Logit	Logit7	0.591836734694	0.408450704225352	0.483333333333333
Logit	Logit7	0.606837606838	0.500000000000000	0.548262548262548
Logit	Logit7	0.621359223301	0.450704225352112	0.522448979591836
Logit	Logit7	0.632653061224	0.436619718309859	0.516666666666666
Logit	Logit7	0.614678899083	0.471830985915492	0.533864541832669
Logit	Logit7	0.580952380952	0.429577464788732	0.493927125506072
Logit	Logit7	0.609090909091	0.471830985915492	0.531746031746031
Logit	Logit7	0.571428571429	0.422535211267605	0.485829959514170
Logit	Logit7	0.614035087719	0.492957746478873	0.546875000000000
Logit	Logit7	0.640776699029	0.464788732394366	0.538775510204081
Logit	Logit7	0.625000000000	0.492957746478873	0.551181102362204
Logit	Logit7	0.607476635514	0.457746478873239	0.522088353413654
Logit	Logit7	0.623853211009	0.478873239436619	0.541832669322709
Logit	Logit7	0.598130841121	0.450704225352112	0.514056224899598
Logit	Logit7	0.614678899083	0.471830985915492	0.533864541832669
Logit	Logit7	0.607142857143	0.478873239436619	0.535433070866141
Logit	Logit7	0.626168224299	0.471830985915492	0.538152610441767
Logit	Logit7	0.614035087719	0.492957746478873	0.546875000000000
Logit	Logit7	0.588235294118	0.422535211267605	0.491803278688524
Logit	Logit7	0.619469026549	0.492957746478873	0.549019607843137
Logit	Logit7	0.619047619048	0.457746478873239	0.526315789473684
Logit	Logit7	0.626086956522	0.507042253521126	0.560311284046692
Logit	Logit7	0.594594594595	0.464788732394366	0.521739130434782
Logit	Logit7	0.630630630631	0.492957746478873	0.553359683794466
Logit	Logit8	0.643564356436	0.457746478873239	0.534979423868312
Logit	Logit8	0.642857142857	0.507042253521126	0.566929133858267
Logit	Logit8	0.603960396040	0.429577464788732	0.502057613168724
Logit	Logit8	0.628318584071	0.500000000000000	0.556862745098039
Logit	Logit8	0.607476635514	0.457746478873239	0.522088353413654
Logit	Logit8	0.605042016807	0.507042253521126	0.551724137931034
Logit	Logit8	0.611111111111	0.464788732394366	0.527999999999999
Logit	Logit8	0.633027522936	0.485915492957746	0.549800796812749
Logit	Logit8	0.606837606838	0.500000000000000	0.548262548262548
