type	model	RE	success
Logit	Logit1	0.8312411041	FALSE
Logit	Logit1	0.09312411041	FALSE
Logit	Logit1	0.02960006485	FALSE
Logit	Logit1	0.4443423306	FALSE
Logit	Logit1	0.2189581688	FALSE
Logit	Logit2	0.1151248408	FALSE
Logit	Logit2	0.03237663724	FALSE
Logit	Logit2	0.1027204001	FALSE
Logit	Logit2	0.2494754099	TRUE
Logit	Logit2	0.1798449753	FALSE
Logit	Logit2	0.3045921319	FALSE
Logit	Logit2	0.4311635707	FALSE
Logit	Logit2	0.0836260109	FALSE
Logit	Logit2	2.211234677	FALSE
Logit	Logit2	0.2950961212	FALSE
Logit	Logit2	0.3186025445	FALSE
Logit	Logit2	0.2459838288	FALSE
Logit	Logit2	1.151319699	FALSE
Logit	Logit2	1.488223214	FALSE
Logit	Logit2	0.1014572104	FALSE
Logit	Logit2	0.029425091	FALSE
Logit	Logit2	0.5148662942	FALSE
Logit	Logit2	0.4938098014	FALSE
Logit	Logit2	0.6399547118	FALSE
Logit	Logit2	5.580790185	FALSE
Logit	Logit2	0.02936033156	FALSE
Logit	Logit2	1.243594208	FALSE
Logit	Logit2	0.07439763934	TRUE
Logit	Logit2	0.4721380002	FALSE
Logit	Logit2	0.4407773486	TRUE
Logit	Logit2	0.2451918017	FALSE
Logit	Logit3	0.1571245001	FALSE
Logit	Logit3	0.2558536255	FALSE
Logit	Logit3	0.1496168736	FALSE
Logit	Logit3	0.03119490349	TRUE
Logit	Logit3	0.02002978161	FALSE
Logit	Logit3	0.2584825802	FALSE
Logit	Logit3	0.5586115138	FALSE
Logit	Logit3	0.1529508465	TRUE
Logit	Logit3	0.5239416137	FALSE
Logit	Logit3	1.494328142	FALSE
Logit	Logit3	0.5174067209	FALSE
Logit	Logit3	0.254499112	TRUE
Logit	Logit3	0.5790608237	FALSE
Logit	Logit3	0.4913877302	FALSE
Logit	Logit3	0.5843283387	FALSE
Logit	Logit3	0.3676888391	TRUE
Logit	Logit3	0.03252314221	FALSE
Logit	Logit3	1.635708746	FALSE
Logit	Logit3	0.2426948332	TRUE
Logit	Logit3	0.4721711494	FALSE
Logit	Logit3	0.1825054387	TRUE
Logit	Logit3	0.2371315972	TRUE
Logit	Logit3	2.763687559	FALSE
Logit	Logit3	0.5303974019	FALSE
Logit	Logit3	0.1823884479	FALSE
Logit	Logit3	0.06958071998	FALSE
Logit	Logit3	2.883121765	FALSE
Logit	Logit3	1.277240375	FALSE
Logit	Logit3	0.2193693439	FALSE
Logit	Logit3	0.273766866	FALSE
Logit	Logit3	1.200377339	FALSE
Logit	Logit3	0.6145995211	FALSE
Logit	Logit3	0.5786798805	FALSE
Logit	Logit3	5.376776321	FALSE
Logit	Logit3	0.305790102	FALSE
Logit	Logit3	0.1722560999	FALSE
Logit	Logit3	0.2073169423	FALSE
Logit	Logit3	0.2972663719	FALSE
Logit	Logit3	0.2755310041	TRUE
Logit	Logit3	0.04809011606	FALSE
Logit	Logit3	1.699891995	FALSE
Logit	Logit3	1.457432271	FALSE
Logit	Logit3	0.04314621589	FALSE
Logit	Logit3	0.129569226	FALSE
Logit	Logit3	0.7557411858	FALSE
Logit	Logit3	0.8658930558	FALSE
Logit	Logit3	0.7134013071	FALSE
Logit	Logit3	5.393515385	FALSE
Logit	Logit3	0.2920037373	FALSE
Logit	Logit3	1.026256315	FALSE
Logit	Logit3	0.006849428396	TRUE
Logit	Logit3	0.469186755	FALSE
Logit	Logit3	0.4433073569	TRUE
Logit	Logit3	0.2746967137	FALSE
Logit	Logit3	0.5826017289	FALSE
Logit	Logit3	1.624691936	FALSE
Logit	Logit3	0.4061283913	FALSE
Logit	Logit3	0.09449656603	TRUE
Logit	Logit3	1.654701519	FALSE
Logit	Logit3	1.136147175	FALSE
Logit	Logit3	0.06751941861	TRUE
Logit	Logit3	1.485112369	FALSE
Logit	Logit3	0.5844983444	TRUE
Logit	Logit3	0.01616143064	FALSE
Logit	Logit3	0.4914823041	FALSE
Logit	Logit3	0.5025020473	FALSE
Logit	Logit3	0.0765910387	TRUE
Logit	Logit3	0.4950197378	FALSE
Logit	Logit3	0.5203118929	TRUE
Logit	Logit3	5.631389386	FALSE
Logit	Logit3	0.4696119535	FALSE
Logit	Logit3	0.4368762744	TRUE
Logit	Logit3	0.0800018905	TRUE
Logit	Logit3	0.4367220656	TRUE
Logit	Logit4	0.2551528954	FALSE
Logit	Logit4	0.4678275995	FALSE
Logit	Logit4	0.2346209435	FALSE
Logit	Logit4	0.08883483905	TRUE
Logit	Logit4	0.1546987816	FALSE
Logit	Logit4	1.205963128	FALSE
Logit	Logit4	0.1661517122	FALSE
Logit	Logit4	0.03747046495	TRUE
Logit	Logit4	0.2741051226	FALSE
Logit	Logit4	0.4688172146	FALSE
Logit	Logit4	0.3033863281	FALSE
Logit	Logit4	0.1671509698	TRUE
Logit	Logit4	0.2554624406	FALSE
Logit	Logit4	0.1564047872	FALSE
Logit	Logit4	0.02572402684	TRUE
Logit	Logit4	0.2529082639	FALSE
Logit	Logit4	0.08152338233	TRUE
Logit	Logit4	0.02936533966	TRUE
Logit	Logit4	2.562992012	FALSE
Logit	Logit4	1.418994884	FALSE
Logit	Logit4	0.4994786575	FALSE
Logit	Logit4	0.1313842304	TRUE
Logit	Logit4	1.030335861	FALSE
Logit	Logit4	0.8111666049	FALSE
Logit	Logit4	0.4960214059	FALSE
Logit	Logit4	0.2874937016	TRUE
Logit	Logit4	0.2544268571	FALSE
Logit	Logit4	0.5113176558	FALSE
Logit	Logit4	0.126769925	TRUE
Logit	Logit4	0.7574545767	FALSE
Logit	Logit4	0.3921375289	TRUE
Logit	Logit4	0.1334309855	TRUE
Logit	Logit4	0.8477300529	FALSE
Logit	Logit4	1.623820242	FALSE
Logit	Logit4	0.8536953012	FALSE
Logit	Logit4	0.3674922449	TRUE
Logit	Logit4	1.627495245	FALSE
Logit	Logit4	0.501108016	FALSE
Logit	Logit4	0.2475042381	TRUE
Logit	Logit4	1.482256999	FALSE
Logit	Logit4	0.5294186185	TRUE
Logit	Logit4	0.2410682784	TRUE
Logit	Logit4	0.4902120417	FALSE
Logit	Logit4	0.560374735	FALSE
Logit	Logit4	0.3580179237	TRUE
Logit	Logit4	0.4929411945	FALSE
Logit	Logit4	0.3578341095	TRUE
Logit	Logit4	0.3749349197	TRUE
Logit	Logit4	0.47199355	FALSE
Logit	Logit4	0.3363896406	TRUE
Logit	Logit4	0.2289070837	TRUE
Logit	Logit4	0.1695149942	TRUE
Logit	Logit4	0.3161467628	FALSE
Logit	Logit4	1.220056703	FALSE
Logit	Logit4	0.3372037476	FALSE
Logit	Logit4	0.3731214148	FALSE
Logit	Logit4	1.275983465	FALSE
Logit	Logit4	0.685706376	FALSE
Logit	Logit4	0.5845292357	FALSE
Logit	Logit4	5.238571555	FALSE
Logit	Logit4	0.5198005098	FALSE
Logit	Logit4	2.762095168	FALSE
Logit	Logit4	0.322719109	FALSE
Logit	Logit4	0.5313016215	FALSE
Logit	Logit4	0.2616839211	TRUE
Logit	Logit4	0.0344446776	FALSE
Logit	Logit4	1.195114007	FALSE
Logit	Logit4	1.518065094	FALSE
Logit	Logit4	0.05500638086	FALSE
Logit	Logit4	0.02125337964	FALSE
Logit	Logit4	1.4853654	FALSE
Logit	Logit4	2.893314401	FALSE
Logit	Logit4	0.228150914	FALSE
Logit	Logit4	1.279130008	FALSE
Logit	Logit4	0.4857368376	TRUE
Logit	Logit4	0.2472170127	FALSE
Logit	Logit4	0.6150692261	FALSE
Logit	Logit4	1.144184541	FALSE
Logit	Logit4	0.001555987121	TRUE
Logit	Logit4	0.6147994475	FALSE
Logit	Logit4	0.4256965863	TRUE
Logit	Logit4	5.48407945	FALSE
Logit	Logit4	0.3005846587	FALSE
Logit	Logit4	0.2934506819	TRUE
Logit	Logit4	0.4421370354	FALSE
Logit	Logit4	0.2752926443	TRUE
Logit	Logit4	0.7528244154	FALSE
Logit	Logit4	1.620706812	FALSE
Logit	Logit4	0.2880542087	FALSE
Logit	Logit4	0.1660905282	FALSE
Logit	Logit4	1.602451752	FALSE
Logit	Logit4	1.131556297	FALSE
Logit	Logit4	0.05196778847	FALSE
Logit	Logit4	1.439160133	FALSE
Logit	Logit4	0.5793052165	TRUE
Logit	Logit4	0.1201175858	FALSE
Logit	Logit4	0.8374542361	FALSE
Logit	Logit4	0.8019531759	FALSE
Logit	Logit4	0.02459869372	TRUE
Logit	Logit4	0.8337124124	FALSE
Logit	Logit4	0.5381041151	TRUE
Logit	Logit4	0.6222701329	FALSE
Logit	Logit4	0.5054908954	FALSE
Logit	Logit4	0.4311184949	TRUE
Logit	Logit4	0.1065020521	FALSE
Logit	Logit4	0.4315653553	TRUE
Logit	Logit4	1.694432828	FALSE
Logit	Logit4	0.574441801	FALSE
Logit	Logit4	0.08925439441	TRUE
Logit	Logit4	1.622810262	FALSE
Logit	Logit4	0.6086060965	TRUE
Logit	Logit4	0.072932257	TRUE
Logit	Logit4	1.636886508	FALSE
Logit	Logit4	0.872813436	FALSE
Logit	Logit4	0.01408022844	TRUE
Logit	Logit4	0.5830129114	TRUE
Logit	Logit4	0.4926184875	FALSE
Logit	Logit4	0.5277214321	TRUE
Logit	Logit4	0.1063052348	TRUE
Logit	Logit4	0.5089433415	TRUE
Logit	Logit4	0.4404774245	TRUE
Logit	Logit5	0.09645322691	FALSE
Logit	Logit5	1.12357255	FALSE
Logit	Logit5	0.0757932825	FALSE
Logit	Logit5	0.03268148193	FALSE
Logit	Logit5	0.123240641	FALSE
Logit	Logit5	0.5394042893	FALSE
Logit	Logit5	0.1628961389	FALSE
Logit	Logit5	0.05961600983	TRUE
Logit	Logit5	0.4700157988	FALSE
Logit	Logit5	0.266343168	FALSE
Logit	Logit5	0.08264704337	FALSE
Logit	Logit5	0.4737135574	FALSE
Logit	Logit5	0.2042110049	TRUE
Logit	Logit5	0.09689871759	TRUE
Logit	Logit5	0.6019073222	FALSE
Logit	Logit5	1.481960567	FALSE
Logit	Logit5	0.5118128449	FALSE
Logit	Logit5	0.1671663042	TRUE
Logit	Logit5	1.41823224	FALSE
Logit	Logit5	0.154143876	FALSE
Logit	Logit5	0.03169284794	TRUE
Logit	Logit5	1.225947606	FALSE
Logit	Logit5	0.4451305686	TRUE
Logit	Logit5	0.03588614205	TRUE
Logit	Logit5	0.4722760098	FALSE
Logit	Logit5	0.2856254723	FALSE
Logit	Logit5	0.157369396	TRUE
Logit	Logit5	0.4721024674	FALSE
Logit	Logit5	0.2893593154	TRUE
Logit	Logit5	0.1676267276	TRUE
Logit	Logit5	0.2548920899	FALSE
Logit	Logit5	0.2602041853	TRUE
Logit	Logit5	0.02875915754	TRUE
Logit	Logit5	0.08514820604	TRUE
Logit	Logit5	0.6099892617	FALSE
Logit	Logit5	1.610992728	FALSE
Logit	Logit5	0.6205707307	FALSE
Logit	Logit5	0.2660145224	TRUE
Logit	Logit5	1.584242799	FALSE
Logit	Logit5	0.4956741047	FALSE
Logit	Logit5	0.1071135226	TRUE
Logit	Logit5	1.403343696	FALSE
Logit	Logit5	0.5368731847	TRUE
Logit	Logit5	0.1025344258	TRUE
Logit	Logit5	0.79297864	FALSE
Logit	Logit5	0.503667761	FALSE
Logit	Logit5	0.2625825759	TRUE
Logit	Logit5	0.7598464863	FALSE
Logit	Logit5	0.4771663439	TRUE
Logit	Logit5	0.2673738313	TRUE
Logit	Logit5	0.7700643864	FALSE
Logit	Logit5	0.4108572588	TRUE
Logit	Logit5	0.1042732202	TRUE
Logit	Logit5	0.3765144471	TRUE
Logit	Logit5	1.682296291	FALSE
Logit	Logit5	0.8258377828	FALSE
Logit	Logit5	0.358311201	TRUE
Logit	Logit5	1.623038925	FALSE
Logit	Logit5	0.5686394743	TRUE
Logit	Logit5	0.3760569784	TRUE
Logit	Logit5	1.57208372	FALSE
Logit	Logit5	0.5962842158	TRUE
Logit	Logit5	0.2375773894	TRUE
Logit	Logit5	0.5380249116	TRUE
Logit	Logit5	0.514142	FALSE
Logit	Logit5	0.395305126	TRUE
Logit	Logit5	0.347597917	TRUE
Logit	Logit5	0.3338321995	TRUE
Logit	Logit5	0.2752971114	TRUE
Logit	Logit5	1.788625824	FALSE
Logit	Logit5	1.47100307	FALSE
Logit	Logit5	0.05051504232	FALSE
Logit	Logit5	0.1160662712	FALSE
Logit	Logit5	1.370781298	FALSE
Logit	Logit5	0.3139790185	FALSE
Logit	Logit5	0.4825972359	FALSE
Logit	Logit5	1.218074279	FALSE
Logit	Logit5	0.4734241437	TRUE
Logit	Logit5	0.3490071005	FALSE
Logit	Logit5	0.6131399493	FALSE
Logit	Logit5	1.199505058	FALSE
Logit	Logit5	0.5707637476	FALSE
Logit	Logit5	0.6662926125	FALSE
Logit	Logit5	0.4048924824	TRUE
Logit	Logit5	5.296232051	FALSE
Logit	Logit5	0.5283997908	FALSE
Logit	Logit5	0.219301879	TRUE
Logit	Logit5	0.414867254	FALSE
Logit	Logit5	0.2534217227	TRUE
Logit	Logit5	1.653322798	FALSE
Logit	Logit5	1.144902412	FALSE
Logit	Logit5	0.0222185126	TRUE
Logit	Logit5	1.475447835	FALSE
Logit	Logit5	1.237301664	FALSE
Logit	Logit5	0.02864339867	FALSE
Logit	Logit5	1.504450186	FALSE
Logit	Logit5	0.7387000675	TRUE
Logit	Logit5	0.4189313794	FALSE
Logit	Logit5	0.5092233458	TRUE
Logit	Logit5	0.6151394841	FALSE
Logit	Logit5	0.3967927644	TRUE
Logit	Logit5	0.04391976045	TRUE
Logit	Logit5	0.428972009	TRUE
Logit	Logit5	0.2054316296	TRUE
Logit	Logit5	1.692950018	FALSE
Logit	Logit5	0.8609676434	FALSE
Logit	Logit5	0.04913216555	TRUE
Logit	Logit5	1.61547739	FALSE
Logit	Logit5	0.8096405826	TRUE
Logit	Logit5	0.1961764699	FALSE
Logit	Logit5	1.592337214	FALSE
Logit	Logit5	0.5853901272	TRUE
Logit	Logit5	0.1429175143	FALSE
Logit	Logit5	0.5681091712	TRUE
Logit	Logit5	0.808124477	FALSE
Logit	Logit5	0.5266338523	TRUE
Logit	Logit5	0.01734825508	TRUE
Logit	Logit5	0.5935398637	TRUE
Logit	Logit5	0.4276464054	TRUE
Logit	Logit5	1.696771529	FALSE
Logit	Logit5	1.684258658	FALSE
Logit	Logit5	0.08754648704	TRUE
Logit	Logit5	0.6417294127	TRUE
Logit	Logit5	0.6784251222	TRUE
Logit	Logit5	0.4976155826	TRUE
Logit	Logit6	0.2290836411	FALSE
Logit	Logit6	1.399250034	FALSE
Logit	Logit6	0.2668226335	FALSE
Logit	Logit6	0.03308488104	TRUE
Logit	Logit6	1.332798428	FALSE
Logit	Logit6	0.1094239612	FALSE
Logit	Logit6	0.1115811086	FALSE
Logit	Logit6	1.115638612	FALSE
Logit	Logit6	0.4058033326	TRUE
Logit	Logit6	0.09917747709	TRUE
Logit	Logit6	0.5473669969	FALSE
Logit	Logit6	0.1206090027	FALSE
Logit	Logit6	0.03298022463	TRUE
Logit	Logit6	0.5334590821	FALSE
Logit	Logit6	0.3501357891	TRUE
Logit	Logit6	0.05523979764	TRUE
Logit	Logit6	0.4758300849	FALSE
Logit	Logit6	0.2231753523	TRUE
Logit	Logit6	0.07821593272	TRUE
Logit	Logit6	0.194720898	TRUE
Logit	Logit6	1.616231054	FALSE
Logit	Logit6	0.5679439058	FALSE
Logit	Logit6	0.1579476504	TRUE
Logit	Logit6	1.485790592	FALSE
Logit	Logit6	0.5456162393	TRUE
Logit	Logit6	0.1677844701	TRUE
Logit	Logit6	1.465513373	FALSE
Logit	Logit6	0.549618481	TRUE
Logit	Logit6	0.03593301094	TRUE
Logit	Logit6	0.4576929079	TRUE
Logit	Logit6	0.4806132733	FALSE
Logit	Logit6	0.3570535185	TRUE
Logit	Logit6	0.1579629652	TRUE
Logit	Logit6	0.294429824	TRUE
Logit	Logit6	0.2875991386	TRUE
Logit	Logit6	1.683378863	FALSE
Logit	Logit6	0.5656541184	FALSE
Logit	Logit6	0.2426349535	TRUE
Logit	Logit6	1.563481634	FALSE
Logit	Logit6	0.6138672005	TRUE
Logit	Logit6	0.2462687934	TRUE
Logit	Logit6	1.551646216	FALSE
Logit	Logit6	0.6331898173	TRUE
Logit	Logit6	0.08265660216	TRUE
Logit	Logit6	0.5031521236	TRUE
Logit	Logit6	0.6304340491	FALSE
Logit	Logit6	0.4849944723	TRUE
Logit	Logit6	0.2688453079	TRUE
Logit	Logit6	0.473487827	TRUE
Logit	Logit6	0.4316675423	TRUE
Logit	Logit6	1.672408372	FALSE
Logit	Logit6	0.60709766	TRUE
Logit	Logit6	0.3484577842	TRUE
Logit	Logit6	0.5688951057	TRUE
Logit	Logit6	0.7042564176	TRUE
Logit	Logit6	0.4771509218	TRUE
Logit	Logit6	1.563109385	FALSE
Logit	Logit6	1.810486242	FALSE
Logit	Logit6	0.2475082942	FALSE
Logit	Logit6	1.468996886	FALSE
Logit	Logit6	0.9470860373	FALSE
Logit	Logit6	0.06229513475	FALSE
Logit	Logit6	1.394352153	FALSE
Logit	Logit6	0.5232177588	TRUE
Logit	Logit6	0.5174685672	FALSE
Logit	Logit6	0.4734337687	TRUE
Logit	Logit6	0.6576570264	FALSE
Logit	Logit6	0.3725172672	TRUE
Logit	Logit6	1.102878046	FALSE
Logit	Logit6	0.3518388149	TRUE
Logit	Logit6	0.2454881899	TRUE
Logit	Logit6	1.649306688	FALSE
Logit	Logit6	1.282527437	FALSE
Logit	Logit6	0.03915348037	TRUE
Logit	Logit6	1.445919377	FALSE
Logit	Logit6	0.8599151801	FALSE
Logit	Logit6	0.3725122245	TRUE
Logit	Logit6	1.694133711	FALSE
Logit	Logit6	1.567762991	FALSE
Logit	Logit6	0.0617489603	TRUE
Logit	Logit6	1.007952883	FALSE
Logit	Logit6	0.7303344059	TRUE
Logit	Logit6	0.5163166646	TRUE
Logit	Logit6	1.688119242	FALSE
Logit	Logit7	1.470209894	FALSE
Logit	Logit7	0.2254411522	FALSE
Logit	Logit7	0.008681780513	TRUE
Logit	Logit7	1.386782442	FALSE
Logit	Logit7	0.5449842767	TRUE
Logit	Logit7	0.02821366116	TRUE
Logit	Logit7	1.344891564	FALSE
Logit	Logit7	0.5237034054	TRUE
Logit	Logit7	0.0960300708	TRUE
Logit	Logit7	0.3518631216	TRUE
Logit	Logit7	0.5416273695	FALSE
Logit	Logit7	0.3846343088	TRUE
Logit	Logit7	0.02762918097	TRUE
Logit	Logit7	0.3537665281	TRUE
Logit	Logit7	0.221102876	TRUE
Logit	Logit7	1.616857639	FALSE
Logit	Logit7	0.9302682076	FALSE
Logit	Logit7	0.1961737079	TRUE
Logit	Logit7	0.5538324168	TRUE
Logit	Logit7	0.6577935966	TRUE
Logit	Logit7	0.4833917415	TRUE
Logit	Logit7	1.679267004	FALSE
Logit	Logit7	0.6410540032	TRUE
Logit	Logit7	0.2426191746	TRUE
Logit	Logit7	0.6229746697	TRUE
Logit	Logit7	0.5741100353	TRUE
Logit	Logit7	0.4580254475	TRUE
Logit	Logit7	0.6410834755	TRUE
Logit	Logit7	1.57899716	FALSE
Logit	Logit7	1.572952242	FALSE
Logit	Logit7	0.3291028597	FALSE
Logit	Logit7	0.9163070497	FALSE
Logit	Logit7	0.6095352177	TRUE
Logit	Logit7	0.3835010257	TRUE
Logit	Logit7	1.466045517	FALSE
Logit	Logit7	1.470773918	FALSE
Logit	Logit8	1.551586745	FALSE
Logit	Logit8	0.7217186177	TRUE
Logit	Logit8	0.01015869549	TRUE
Logit	Logit8	0.4641273575	TRUE
Logit	Logit8	0.5064918914	TRUE
Logit	Logit8	0.3435715615	TRUE
Logit	Logit8	1.285762382	FALSE
Logit	Logit8	0.6009126258	TRUE
Logit	Logit8	1.371579269	FALSE
BMA	BMA	0.01744240831	TRUE
BMA	BMA	0.003010888453	TRUE
BMA	BMA	0.001821159751	TRUE
BMA	BMA	0.02036742735	TRUE
BMA	BMA	0.02504011477	FALSE
BMA	BMA	0.004189178723	FALSE
BMA	BMA	0.04591375867	TRUE
BMA	BMA	0.04406547059	TRUE
BMA	BMA	0.04271833492	TRUE
BMA	BMA	0.04624830676	TRUE
BMA	BMA	0.01376876722	TRUE
BMA	BMA	0.0302217556	TRUE
BMA	BMA	0.02236580739	TRUE
BMA	BMA	0.04970826031	TRUE
BMA	BMA	0.000174522971	TRUE
BMA	BMA	0.03431048905	TRUE
BMA	BMA	0.04057315163	TRUE
BMA	BMA	0.01294666723	TRUE
BMA	BMA	0.007034256098	TRUE
BMA	BMA	0.01738229105	FALSE
BMA	BMA	0.02486783625	FALSE
BMA	BMA	0.0642398898	FALSE
BMA	BMA	0.004158777935	TRUE
BMA	BMA	0.01921163185	FALSE
BMA	BMA	0.01077411263	TRUE
BMA	BMA	0.002726032372	TRUE
BMA	BMA	0.01554984089	TRUE
BMA	BMA	0.002958371582	TRUE
BMA	BMA	0.03537086686	TRUE
BMA	BMA	0.02199151114	FALSE
BMA	BMA	0.06936419811	FALSE
BMA	BMA	0.005463990822	TRUE
BMA	BMA	0.003025980086	FALSE
BMA	BMA	0.002981647689	TRUE
BMA	BMA	0.01146833723	TRUE
BMA	BMA	0.03796765814	TRUE
BMA	BMA	0.02168793298	FALSE
BMA	BMA	0.0376078091	TRUE
BMA	BMA	0.04067366639	TRUE
BMA	BMA	0.03226406063	FALSE
BMA	BMA	0.006250820377	TRUE
BMA	BMA	0.02998437446	FALSE
BMA	BMA	0.007664938448	TRUE
BMA	BMA	0.007788066755	TRUE
BMA	BMA	0.00637723522	TRUE
BMA	BMA	0.05616232856	TRUE
BMA	BMA	0.03177564796	FALSE
BMA	BMA	0.05303766544	FALSE
BMA	BMA	0.01114877418	TRUE
BMA	BMA	0.02299750176	TRUE
BMA	BMA	0.01113711019	FALSE
BMA	BMA	0.01168991069	TRUE
BMA	BMA	0.003445186049	TRUE
BMA	BMA	0.03225803594	TRUE
BMA	BMA	0.01914032879	TRUE
BMA	BMA	0.01446874329	TRUE
BMA	BMA	0.04215967063	FALSE
BMA	BMA	0.01613305502	TRUE
BMA	BMA	0.02333335263	TRUE
BMA	BMA	0.005079625815	TRUE
BMA	BMA	0.03510940098	TRUE
BMA	BMA	0.001857215607	TRUE
BMA	BMA	0.03300735818	FALSE
BMA	BMA	0.007285323227	TRUE
BMA	BMA	0.04199116343	TRUE
BMA	BMA	0.04173985539	TRUE
BMA	BMA	0.0009532917871	TRUE
BMA	BMA	0.04588909	TRUE
BMA	BMA	0.03769186136	FALSE
BMA	BMA	0.07152836625	TRUE
BMA	BMA	0.01787629984	TRUE
BMA	BMA	0.03762807551	TRUE
BMA	BMA	0.004166101638	FALSE
BMA	BMA	0.03820361938	FALSE
BMA	BMA	0.04486391189	TRUE
BMA	BMA	0.04869314402	TRUE
BMA	BMA	0.04811879229	TRUE
BMA	BMA	0.01701124943	TRUE
BMA	BMA	0.005839957647	TRUE
BMA	BMA	0.04227685765	TRUE
BMA	BMA	0.01625299893	TRUE
BMA	BMA	0.01920164439	TRUE
BMA	BMA	0.002734866586	TRUE
BMA	BMA	0.005127604869	TRUE
BMA	BMA	0.01199081621	TRUE
BMA	BMA	0.005380044649	TRUE
BMA	BMA	0.05446207692	FALSE
BMA	BMA	0.004979382678	TRUE
BMA	BMA	0.03364628169	TRUE
BMA	BMA	0.03122590362	TRUE
BMA	BMA	0.04787297041	FALSE
BMA	BMA	0.03184479592	TRUE
BMA	BMA	0.03618554803	TRUE
BMA	BMA	0.0172146878	TRUE
BMA	BMA	0.009380645375	TRUE
BMA	BMA	0.03591681188	TRUE
BMA	BMA	0.02507231232	TRUE
BMA	BMA	0.006034724497	FALSE
BMA	BMA	0.005340578426	TRUE
BMA	BMA	0.009456331475	FALSE
BMA	BMA	0.04558354678	TRUE
BMA	BMA	0.006326694249	FALSE
BMA	BMA	0.030102794	TRUE
BMA	BMA	0.0246129807	FALSE
BMA	BMA	0.001172787754	TRUE
BMA	BMA	0.01834978041	TRUE
BMA	BMA	0.01040153071	TRUE
BMA	BMA	0.01123190963	TRUE
BMA	BMA	0.01551980157	TRUE
BMA	BMA	0.05421519432	TRUE
BMA	BMA	0.02194367731	FALSE
BMA	BMA	0.03004763219	TRUE
BMA	BMA	0.04111567895	TRUE
BMA	BMA	0.01007185564	FALSE
BMA	BMA	0.06973266636	TRUE
BMA	BMA	0.03829949911	TRUE
BMA	BMA	0.03570363357	TRUE
BMA	BMA	0.0111947385	TRUE
BMA	BMA	0.01450655759	TRUE
BMA	BMA	0.03138726685	TRUE
BMA	BMA	0.0020926891	TRUE
BMA	BMA	0.04646547859	TRUE
BMA	BMA	0.01430817597	FALSE
BMA	BMA	0.04443813732	TRUE
BMA	BMA	0.04357119454	FALSE
BMA	BMA	0.01346019909	TRUE
BMA	BMA	0.04085506937	TRUE
BMA	BMA	0.01835082332	TRUE
BMA	BMA	0.03101210498	TRUE
BMA	BMA	0.02664515809	FALSE
BMA	BMA	0.03835512957	TRUE
BMA	BMA	0.0263653702	TRUE
BMA	BMA	0.006229544344	TRUE
BMA	BMA	0.005585376942	TRUE
BMA	BMA	0.02583549908	TRUE
BMA	BMA	0.02651085308	TRUE
BMA	BMA	0.07531559325	FALSE
BMA	BMA	0.006287229497	TRUE
BMA	BMA	0.02359584629	FALSE
BMA	BMA	0.03262853245	FALSE
BMA	BMA	0.04901176668	TRUE
BMA	BMA	0.03032302835	FALSE
BMA	BMA	0.02049931635	TRUE
BMA	BMA	0.02349993036	TRUE
BMA	BMA	0.0570568076	FALSE
BMA	BMA	0.01579819679	TRUE
BMA	BMA	0.009947036172	TRUE
BMA	BMA	0.002786463707	TRUE
BMA	BMA	0.03232114811	TRUE
BMA	BMA	0.02661844354	TRUE
BMA	BMA	0.00283246534	TRUE
BMA	BMA	0.02587661825	TRUE
BMA	BMA	0.04731461056	FALSE
BMA	BMA	0.02782207815	TRUE
BMA	BMA	0.02416892922	TRUE
BMA	BMA	0.0133755007	TRUE
BMA	BMA	0.02254843871	FALSE
BMA	BMA	0.03927720604	TRUE
BMA	BMA	0.05706591969	FALSE
BMA	BMA	0.03573476009	TRUE
BMA	BMA	0.0545688295	FALSE
BMA	BMA	0.0001430509504	TRUE
BMA	BMA	0.01898585642	TRUE
BMA	BMA	0.03288671021	TRUE
BMA	BMA	0.01357447359	TRUE
BMA	BMA	0.02077008129	TRUE
BMA	BMA	0.03602324809	TRUE
BMA	BMA	0.00670334453	TRUE
BMA	BMA	0.02798257474	FALSE
BMA	BMA	0.03433138045	FALSE
BMA	BMA	0.01645379791	TRUE
BMA	BMA	0.009883600375	TRUE
BMA	BMA	0.02456044643	TRUE
BMA	BMA	0.02198456269	TRUE
BMA	BMA	0.05045362866	TRUE
BMA	BMA	0.02004972735	TRUE
BMA	BMA	0.02918737951	TRUE
BMA	BMA	0.008812012581	TRUE
BMA	BMA	0.02892343119	FALSE
BMA	BMA	0.0302806833	TRUE
BMA	BMA	0.03164512068	TRUE
BMA	BMA	0.02308147302	TRUE
BMA	BMA	0.03919291874	TRUE
BMA	BMA	0.0172456435	FALSE
BMA	BMA	0.06442987801	TRUE
BMA	BMA	0.03308648037	TRUE
BMA	BMA	0.0531639935	TRUE
BMA	BMA	0.02457780127	TRUE
BMA	BMA	0.02432063531	FALSE
BMA	BMA	0.04844160595	TRUE
BMA	BMA	0.01509690147	TRUE
BMA	BMA	0.02532905247	FALSE
BMA	BMA	0.01247792756	FALSE
BMA	BMA	0.02869532784	TRUE
BMA	BMA	0.01430465182	TRUE
BMA	BMA	0.005607830617	FALSE
BMA	BMA	0.01421259773	TRUE
BMA	BMA	0.03725180481	TRUE
BMA	BMA	0.02869294148	TRUE
BMA	BMA	0.01781009286	TRUE
BMA	BMA	0.02748616885	FALSE
BMA	BMA	0.02829695713	TRUE
BMA	BMA	0.02806167417	TRUE
BMA	BMA	0.01220612773	TRUE
BMA	BMA	0.001095644292	TRUE
BMA	BMA	0.02576184959	TRUE
BMA	BMA	0.01565169332	TRUE
BMA	BMA	0.01654136942	TRUE
BMA	BMA	0.009462757673	TRUE
BMA	BMA	0.06617520068	FALSE
BMA	BMA	0.005297894805	TRUE
BMA	BMA	0.004835752446	FALSE
BMA	BMA	0.03162029014	FALSE
BMA	BMA	0.03884989063	TRUE
BMA	BMA	0.02268814714	TRUE
BMA	BMA	0.02841210343	TRUE
BMA	BMA	0.002249493694	TRUE
BMA	BMA	2.22E-05	TRUE
BMA	BMA	0.06738719075	TRUE
BMA	BMA	0.02839719294	FALSE
BMA	BMA	0.01688241335	TRUE
BMA	BMA	0.01453594836	TRUE
BMA	BMA	0.004684399047	TRUE
BMA	BMA	0.04093471579	TRUE
BMA	BMA	0.0425027643	TRUE
BMA	BMA	0.004216517934	TRUE
BMA	BMA	0.01958316702	FALSE
BMA	BMA	0.02381422904	TRUE
BMA	BMA	0.03027198461	TRUE
BMA	BMA	0.01868367994	TRUE
BMA	BMA	0.02231413486	FALSE
BMA	BMA	0.05514192981	TRUE
BMA	BMA	0.03819506687	TRUE
BMA	BMA	0.03381543395	TRUE
BMA	BMA	0.04299633764	FALSE
BMA	BMA	0.02833994695	TRUE
BMA	BMA	0.001817863097	TRUE
BMA	BMA	0.04890928739	FALSE
BMA	BMA	0.001886606471	TRUE
BMA	BMA	0.04176887546	TRUE
BMA	BMA	0.009988599965	TRUE
BMA	BMA	0.009948268639	TRUE
BMA	BMA	0.01984788391	FALSE
BMA	BMA	0.01916974659	TRUE
BMA	BMA	0.006916005722	TRUE
BMA	BMA	0.04419255785	TRUE
BMA	BMA	0.01923998896	TRUE
BMA	BMA	0.02697088803	TRUE
BMA	BMA	0.02461396445	TRUE
BMA	BMA	0.02085647314	TRUE
BMA	BMA	0.01341904622	TRUE
BMA	BMA	0.04296592746	TRUE
BMA	BMA	0.0287152011	FALSE
BMA	BMA	0.003440732267	TRUE
BMA	BMA	0.04980169517	TRUE
BMA	BMA	0.02760485022	TRUE
BMA	BMA	0.01024714812	TRUE
BMA	BMA	0.03918832301	FALSE
BMA	BMA	0.000225442718	TRUE
BMA	BMA	0.03765686538	TRUE
BMA	BMA	0.09220624959	FALSE
BMA	BMA	0.00203166995	TRUE
BMA	BMA	0.004326129028	TRUE
BMA	BMA	0.02080118611	FALSE
BMA	BMA	0.04458185402	FALSE
BMA	BMA	0.006038721045	TRUE
BMA	BMA	0.03710761838	TRUE
BMA	BMA	0.03245650283	TRUE
BMA	BMA	0.01516382655	TRUE
BMA	BMA	0.03889030018	FALSE
BMA	BMA	0.005409484977	TRUE
BMA	BMA	0.02610757962	FALSE
BMA	BMA	0.0125722624	FALSE
BMA	BMA	0.0192226199	TRUE
BMA	BMA	0.01881689604	FALSE
BMA	BMA	0.02738652339	TRUE
BMA	BMA	0.03100260149	FALSE
BMA	BMA	0.03187403251	TRUE
BMA	BMA	0.02684601223	FALSE
BMA	BMA	0.03159990076	TRUE
BMA	BMA	0.01284343094	FALSE
BMA	BMA	0.01184890152	TRUE
BMA	BMA	0.01262723073	FALSE
BMA	BMA	0.03607315	TRUE
BMA	BMA	0.03788296649	TRUE
BMA	BMA	0.01690980946	TRUE
BMA	BMA	0.004369318309	TRUE
BMA	BMA	0.07239569831	TRUE
BMA	BMA	0.02261690363	TRUE
BMA	BMA	0.04196521909	TRUE
BMA	BMA	0.0395006906	TRUE
BMA	BMA	0.01227772447	TRUE
BMA	BMA	0.02938693348	TRUE
BMA	BMA	0.04611310325	TRUE
BMA	BMA	0.03598121281	TRUE
BMA	BMA	0.01586048192	TRUE
BMA	BMA	0.0621467189	FALSE
BMA	BMA	0.02180696384	TRUE
BMA	BMA	0.008802901846	TRUE
BMA	BMA	0.04648052552	TRUE
BMA	BMA	0.07326064358	FALSE
BMA	BMA	0.0494798968	TRUE
